This file contains any messages produced by compilers while
running configure, to aid debugging if configure makes a mistake.

It was created by configure, which was
generated by GNU Autoconf 2.69.  Invocation command line was

  $ ./configure --with-php-config=/usr/bin/php-config

## --------- ##
## Platform. ##
## --------- ##

hostname = chengshuo-H97-HD3
uname -m = x86_64
uname -r = 4.10.0-42-generic
uname -s = Linux
uname -v = #46~16.04.1-Ubuntu SMP Mon Dec 4 15:57:59 UTC 2017

/usr/bin/uname -p = unknown
/bin/uname -X     = unknown

/bin/arch              = unknown
/usr/bin/arch -k       = unknown
/usr/convex/getsysinfo = unknown
/usr/bin/hostinfo      = unknown
/bin/machine           = unknown
/usr/bin/oslevel       = unknown
/bin/universe          = unknown

PATH: /home/chengshuo
PATH: .
PATH: /home/chengshuo/nodejs/nodev7/bin
PATH: /home/chengshuo/bin
PATH: /home/chengshuo/.local/bin
PATH: /usr/local/sbin
PATH: /usr/local/bin
PATH: /usr/sbin
PATH: /usr/bin
PATH: /sbin
PATH: /bin
PATH: /usr/games
PATH: /usr/local/games
PATH: /snap/bin
PATH: /usr/lib/go-1.8/bin
PATH: /home/chengshuo/go/bin
PATH: /home/chengshuo/consul
PATH: /home/chengshuo/consul-template


## ----------- ##
## Core tests. ##
## ----------- ##

configure:2098: checking for grep that handles long lines and -e
configure:2156: result: /bin/grep
configure:2161: checking for egrep
configure:2223: result: /bin/grep -E
configure:2228: checking for a sed that does not truncate output
configure:2292: result: /bin/sed
configure:2431: checking for cc
configure:2447: found /usr/bin/cc
configure:2458: result: cc
configure:2489: checking for C compiler version
configure:2498: cc --version >&5
cc (Ubuntu 5.4.0-6ubuntu1~16.04.5) 5.4.0 20160609
Copyright (C) 2015 Free Software Foundation, Inc.
This is free software; see the source for copying conditions.  There is NO
warranty; not even for MERCHANTABILITY or FITNESS FOR A PARTICULAR PURPOSE.

configure:2509: $? = 0
configure:2498: cc -v >&5
Using built-in specs.
COLLECT_GCC=cc
COLLECT_LTO_WRAPPER=/usr/lib/gcc/x86_64-linux-gnu/5/lto-wrapper
Target: x86_64-linux-gnu
Configured with: ../src/configure -v --with-pkgversion='Ubuntu 5.4.0-6ubuntu1~16.04.5' --with-bugurl=file:///usr/share/doc/gcc-5/README.Bugs --enable-languages=c,ada,c++,java,go,d,fortran,objc,obj-c++ --prefix=/usr --program-suffix=-5 --enable-shared --enable-linker-build-id --libexecdir=/usr/lib --without-included-gettext --enable-threads=posix --libdir=/usr/lib --enable-nls --with-sysroot=/ --enable-clocale=gnu --enable-libstdcxx-debug --enable-libstdcxx-time=yes --with-default-libstdcxx-abi=new --enable-gnu-unique-object --disable-vtable-verify --enable-libmpx --enable-plugin --with-system-zlib --disable-browser-plugin --enable-java-awt=gtk --enable-gtk-cairo --with-java-home=/usr/lib/jvm/java-1.5.0-gcj-5-amd64/jre --enable-java-home --with-jvm-root-dir=/usr/lib/jvm/java-1.5.0-gcj-5-amd64 --with-jvm-jar-dir=/usr/lib/jvm-exports/java-1.5.0-gcj-5-amd64 --with-arch-directory=amd64 --with-ecj-jar=/usr/share/java/eclipse-ecj.jar --enable-objc-gc --enable-multiarch --disable-werror --with-arch-32=i686 --with-abi=m64 --with-multilib-list=m32,m64,mx32 --enable-multilib --with-tune=generic --enable-checking=release --build=x86_64-linux-gnu --host=x86_64-linux-gnu --target=x86_64-linux-gnu
Thread model: posix
gcc version 5.4.0 20160609 (Ubuntu 5.4.0-6ubuntu1~16.04.5) 
configure:2509: $? = 0
configure:2498: cc -V >&5
cc: error: unrecognized command line option '-V'
cc: fatal error: no input files
compilation terminated.
configure:2509: $? = 1
configure:2498: cc -qversion >&5
cc: error: unrecognized command line option '-qversion'
cc: fatal error: no input files
compilation terminated.
configure:2509: $? = 1
configure:2529: checking whether the C compiler works
configure:2551: cc    conftest.c  >&5
configure:2555: $? = 0
configure:2603: result: yes
configure:2606: checking for C compiler default output file name
configure:2608: result: a.out
configure:2614: checking for suffix of executables
configure:2621: cc -o conftest    conftest.c  >&5
configure:2625: $? = 0
configure:2647: result: 
configure:2669: checking whether we are cross compiling
configure:2677: cc -o conftest    conftest.c  >&5
configure:2681: $? = 0
configure:2688: ./conftest
configure:2692: $? = 0
configure:2707: result: no
configure:2712: checking for suffix of object files
configure:2734: cc -c   conftest.c >&5
configure:2738: $? = 0
configure:2759: result: o
configure:2763: checking whether we are using the GNU C compiler
configure:2782: cc -c   conftest.c >&5
configure:2782: $? = 0
configure:2791: result: yes
configure:2800: checking whether cc accepts -g
configure:2820: cc -c -g  conftest.c >&5
configure:2820: $? = 0
configure:2861: result: yes
configure:2878: checking for cc option to accept ISO C89
configure:2941: cc  -c -g -O2  conftest.c >&5
configure:2941: $? = 0
configure:2954: result: none needed
configure:2980: checking how to run the C preprocessor
configure:3011: cc -E  conftest.c
configure:3011: $? = 0
configure:3025: cc -E  conftest.c
conftest.c:9:28: fatal error: ac_nonexistent.h: No such file or directory
compilation terminated.
configure:3025: $? = 1
configure: failed program was:
| /* confdefs.h */
| #define PACKAGE_NAME ""
| #define PACKAGE_TARNAME ""
| #define PACKAGE_VERSION ""
| #define PACKAGE_STRING ""
| #define PACKAGE_BUGREPORT ""
| #define PACKAGE_URL ""
| /* end confdefs.h.  */
| #include <ac_nonexistent.h>
configure:3050: result: cc -E
configure:3070: cc -E  conftest.c
configure:3070: $? = 0
configure:3084: cc -E  conftest.c
conftest.c:9:28: fatal error: ac_nonexistent.h: No such file or directory
compilation terminated.
configure:3084: $? = 1
configure: failed program was:
| /* confdefs.h */
| #define PACKAGE_NAME ""
| #define PACKAGE_TARNAME ""
| #define PACKAGE_VERSION ""
| #define PACKAGE_STRING ""
| #define PACKAGE_BUGREPORT ""
| #define PACKAGE_URL ""
| /* end confdefs.h.  */
| #include <ac_nonexistent.h>
configure:3115: checking for icc
configure:3124: result: no
configure:3138: checking for suncc
configure:3147: result: no
configure:3165: checking whether cc understands -c and -o together
configure:3193: cc -c conftest.c -o conftest2.o >&5
configure:3197: $? = 0
configure:3203: cc -c conftest.c -o conftest2.o >&5
configure:3207: $? = 0
configure:3262: result: yes
configure:3276: checking for system library directory
configure:3291: result: lib
configure:3298: checking if compiler supports -R
configure:3317: cc -o conftest -g -O2   conftest.c -R /usr/lib  >&5
cc: error: unrecognized command line option '-R'
configure:3317: $? = 1
configure: failed program was:
| /* confdefs.h */
| #define PACKAGE_NAME ""
| #define PACKAGE_TARNAME ""
| #define PACKAGE_VERSION ""
| #define PACKAGE_STRING ""
| #define PACKAGE_BUGREPORT ""
| #define PACKAGE_URL ""
| /* end confdefs.h.  */
| 
| int
| main ()
| {
| 
|   ;
|   return 0;
| }
configure:3327: result: no
configure:3332: checking if compiler supports -Wl,-rpath,
configure:3351: cc -o conftest -g -O2   conftest.c -Wl,-rpath,/usr/lib  >&5
configure:3351: $? = 0
configure:3361: result: yes
configure:3406: checking build system type
configure:3420: result: x86_64-pc-linux-gnu
configure:3440: checking host system type
configure:3453: result: x86_64-pc-linux-gnu
configure:3473: checking target system type
configure:3486: result: x86_64-pc-linux-gnu
configure:3589: checking for PHP prefix
configure:3591: result: /usr
configure:3593: checking for PHP includes
configure:3595: result: -I/usr/include/php/20151012 -I/usr/include/php/20151012/main -I/usr/include/php/20151012/TSRM -I/usr/include/php/20151012/Zend -I/usr/include/php/20151012/ext -I/usr/include/php/20151012/ext/date/lib
configure:3597: checking for PHP extension directory
configure:3599: result: /usr/lib/php/20151012
configure:3601: checking for PHP installed headers prefix
configure:3603: result: /usr/include/php/20151012
configure:3606: checking if debug is enabled
configure:3632: result: no
configure:3635: checking if zts is enabled
configure:3661: result: no
configure:3732: checking for re2c
configure:3762: result: no
configure:3787: WARNING: You will need re2c 0.13.4 or later if you want to regenerate PHP parsers.
configure:3801: checking for gawk
configure:3832: result: no
configure:3801: checking for nawk
configure:3818: found /usr/bin/nawk
configure:3829: result: nawk
configure:3852: checking if nawk is broken
configure:3859: result: no
configure:3877: checking whether to enable bruce support
configure:3916: result: yes, shared
configure:4283: checking how to print strings
configure:4310: result: printf
configure:4331: checking for a sed that does not truncate output
configure:4395: result: /bin/sed
configure:4413: checking for fgrep
configure:4475: result: /bin/grep -F
configure:4510: checking for ld used by cc
configure:4577: result: /usr/bin/ld
configure:4584: checking if the linker (/usr/bin/ld) is GNU ld
configure:4599: result: yes
configure:4611: checking for BSD- or MS-compatible name lister (nm)
configure:4665: result: /usr/bin/nm -B
configure:4795: checking the name lister (/usr/bin/nm -B) interface
configure:4802: cc -c -g -O2  conftest.c >&5
configure:4805: /usr/bin/nm -B "conftest.o"
configure:4808: output
0000000000000000 B some_variable
configure:4815: result: BSD nm
configure:4818: checking whether ln -s works
configure:4822: result: yes
configure:4830: checking the maximum length of command line arguments
configure:4961: result: 1572864
configure:5009: checking how to convert x86_64-pc-linux-gnu file names to x86_64-pc-linux-gnu format
configure:5049: result: func_convert_file_noop
configure:5056: checking how to convert x86_64-pc-linux-gnu file names to toolchain format
configure:5076: result: func_convert_file_noop
configure:5083: checking for /usr/bin/ld option to reload object files
configure:5090: result: -r
configure:5164: checking for objdump
configure:5180: found /usr/bin/objdump
configure:5191: result: objdump
configure:5223: checking how to recognize dependent libraries
configure:5423: result: pass_all
configure:5508: checking for dlltool
configure:5538: result: no
configure:5568: checking how to associate runtime and link libraries
configure:5595: result: printf %s\n
configure:5655: checking for ar
configure:5671: found /usr/bin/ar
configure:5682: result: ar
configure:5719: checking for archiver @FILE support
configure:5736: cc -c -g -O2  conftest.c >&5
configure:5736: $? = 0
configure:5739: ar cru libconftest.a @conftest.lst >&5
ar: `u' modifier ignored since `D' is the default (see `U')
configure:5742: $? = 0
configure:5747: ar cru libconftest.a @conftest.lst >&5
ar: `u' modifier ignored since `D' is the default (see `U')
ar: conftest.o: No such file or directory
configure:5750: $? = 1
configure:5762: result: @
configure:5820: checking for strip
configure:5836: found /usr/bin/strip
configure:5847: result: strip
configure:5919: checking for ranlib
configure:5935: found /usr/bin/ranlib
configure:5946: result: ranlib
configure:6023: checking for gawk
configure:6050: result: nawk
configure:6090: checking command to parse /usr/bin/nm -B output from cc object
configure:6243: cc -c -g -O2  conftest.c >&5
configure:6246: $? = 0
configure:6250: /usr/bin/nm -B conftest.o \| sed -n -e 's/^.*[ ]\([ABCDGIRSTW][ABCDGIRSTW]*\)[ ][ ]*\([_A-Za-z][_A-Za-z0-9]*\)$/\1 \2 \2/p' | sed '/ __gnu_lto/d' \> conftest.nm
configure:6253: $? = 0
configure:6319: cc -o conftest -g -O2   conftest.c conftstm.o >&5
configure:6322: $? = 0
configure:6360: result: ok
configure:6407: checking for sysroot
configure:6437: result: no
configure:6444: checking for a working dd
configure:6482: result: /bin/dd
configure:6486: checking how to truncate binary pipes
configure:6501: result: /bin/dd bs=4096 count=1
configure:6637: cc -c -g -O2  conftest.c >&5
configure:6640: $? = 0
configure:6830: checking for mt
configure:6846: found /bin/mt
configure:6857: result: mt
configure:6880: checking if mt is a manifest tool
configure:6886: mt '-?'
configure:6894: result: no
configure:7566: checking for ANSI C header files
configure:7586: cc -c -g -O2  conftest.c >&5
configure:7586: $? = 0
configure:7659: cc -o conftest -g -O2   conftest.c  >&5
configure:7659: $? = 0
configure:7659: ./conftest
configure:7659: $? = 0
configure:7670: result: yes
configure:7683: checking for sys/types.h
configure:7683: cc -c -g -O2  conftest.c >&5
configure:7683: $? = 0
configure:7683: result: yes
configure:7683: checking for sys/stat.h
configure:7683: cc -c -g -O2  conftest.c >&5
configure:7683: $? = 0
configure:7683: result: yes
configure:7683: checking for stdlib.h
configure:7683: cc -c -g -O2  conftest.c >&5
configure:7683: $? = 0
configure:7683: result: yes
configure:7683: checking for string.h
configure:7683: cc -c -g -O2  conftest.c >&5
configure:7683: $? = 0
configure:7683: result: yes
configure:7683: checking for memory.h
configure:7683: cc -c -g -O2  conftest.c >&5
configure:7683: $? = 0
configure:7683: result: yes
configure:7683: checking for strings.h
configure:7683: cc -c -g -O2  conftest.c >&5
configure:7683: $? = 0
configure:7683: result: yes
configure:7683: checking for inttypes.h
configure:7683: cc -c -g -O2  conftest.c >&5
configure:7683: $? = 0
configure:7683: result: yes
configure:7683: checking for stdint.h
configure:7683: cc -c -g -O2  conftest.c >&5
configure:7683: $? = 0
configure:7683: result: yes
configure:7683: checking for unistd.h
configure:7683: cc -c -g -O2  conftest.c >&5
configure:7683: $? = 0
configure:7683: result: yes
configure:7697: checking for dlfcn.h
configure:7697: cc -c -g -O2  conftest.c >&5
configure:7697: $? = 0
configure:7697: result: yes
configure:7953: checking for objdir
configure:7968: result: .libs
configure:8232: checking if cc supports -fno-rtti -fno-exceptions
configure:8250: cc -c -g -O2  -fno-rtti -fno-exceptions conftest.c >&5
cc1: warning: command line option '-fno-rtti' is valid for C++/ObjC++ but not for C
configure:8254: $? = 0
configure:8267: result: no
configure:8625: checking for cc option to produce PIC
configure:8632: result: -fPIC -DPIC
configure:8640: checking if cc PIC flag -fPIC -DPIC works
configure:8658: cc -c -g -O2  -fPIC -DPIC -DPIC conftest.c >&5
configure:8662: $? = 0
configure:8675: result: yes
configure:8704: checking if cc static flag -static works
configure:8732: result: yes
configure:8747: checking if cc supports -c -o file.o
configure:8768: cc -c -g -O2  -o out/conftest2.o conftest.c >&5
configure:8772: $? = 0
configure:8794: result: yes
configure:8802: checking if cc supports -c -o file.o
configure:8849: result: yes
configure:8882: checking whether the cc linker (/usr/bin/ld -m elf_x86_64) supports shared libraries
configure:10145: result: yes
configure:10182: checking whether -lc should be explicitly linked in
configure:10190: cc -c -g -O2  conftest.c >&5
configure:10193: $? = 0
configure:10208: cc -shared  -fPIC -DPIC conftest.o  -v -Wl,-soname -Wl,conftest -o conftest 2\>\&1 \| /bin/grep  -lc  \>/dev/null 2\>\&1
configure:10211: $? = 0
configure:10225: result: no
configure:10385: checking dynamic linker characteristics
configure:10966: cc -o conftest -g -O2   -Wl,-rpath -Wl,/foo conftest.c  >&5
configure:10966: $? = 0
configure:11215: result: GNU/Linux ld.so
configure:11337: checking how to hardcode library paths into programs
configure:11362: result: immediate
configure:11910: checking whether stripping libraries is possible
configure:11915: result: yes
configure:11950: checking if libtool supports shared libraries
configure:11952: result: yes
configure:11955: checking whether to build shared libraries
configure:11980: result: yes
configure:11983: checking whether to build static libraries
configure:11987: result: no
configure:12263: creating ./config.status

## ---------------------- ##
## Running config.status. ##
## ---------------------- ##

This file was extended by config.status, which was
generated by GNU Autoconf 2.69.  Invocation command line was

  CONFIG_FILES    = 
  CONFIG_HEADERS  = 
  CONFIG_LINKS    = 
  CONFIG_COMMANDS = 
  $ ./config.status 

on chengshuo-H97-HD3

config.status:888: creating config.h
config.status:978: config.h is unchanged
config.status:992: executing libtool commands

## ---------------- ##
## Cache variables. ##
## ---------------- ##

ac_cv_build=x86_64-pc-linux-gnu
ac_cv_c_compiler_gnu=yes
ac_cv_env_CC_set=
ac_cv_env_CC_value=
ac_cv_env_CFLAGS_set=
ac_cv_env_CFLAGS_value=
ac_cv_env_CPPFLAGS_set=
ac_cv_env_CPPFLAGS_value=
ac_cv_env_CPP_set=
ac_cv_env_CPP_value=
ac_cv_env_LDFLAGS_set=
ac_cv_env_LDFLAGS_value=
ac_cv_env_LIBS_set=
ac_cv_env_LIBS_value=
ac_cv_env_LT_SYS_LIBRARY_PATH_set=
ac_cv_env_LT_SYS_LIBRARY_PATH_value=
ac_cv_env_build_alias_set=
ac_cv_env_build_alias_value=
ac_cv_env_host_alias_set=
ac_cv_env_host_alias_value=
ac_cv_env_target_alias_set=
ac_cv_env_target_alias_value=
ac_cv_header_dlfcn_h=yes
ac_cv_header_inttypes_h=yes
ac_cv_header_memory_h=yes
ac_cv_header_stdc=yes
ac_cv_header_stdint_h=yes
ac_cv_header_stdlib_h=yes
ac_cv_header_string_h=yes
ac_cv_header_strings_h=yes
ac_cv_header_sys_stat_h=yes
ac_cv_header_sys_types_h=yes
ac_cv_header_unistd_h=yes
ac_cv_host=x86_64-pc-linux-gnu
ac_cv_objext=o
ac_cv_path_EGREP='/bin/grep -E'
ac_cv_path_FGREP='/bin/grep -F'
ac_cv_path_GREP=/bin/grep
ac_cv_path_SED=/bin/sed
ac_cv_path_lt_DD=/bin/dd
ac_cv_prog_AWK=nawk
ac_cv_prog_CPP='cc -E'
ac_cv_prog_ac_ct_AR=ar
ac_cv_prog_ac_ct_CC=cc
ac_cv_prog_ac_ct_MANIFEST_TOOL=mt
ac_cv_prog_ac_ct_OBJDUMP=objdump
ac_cv_prog_ac_ct_RANLIB=ranlib
ac_cv_prog_ac_ct_STRIP=strip
ac_cv_prog_cc_c89=
ac_cv_prog_cc_cc_c_o=yes
ac_cv_prog_cc_g=yes
ac_cv_target=x86_64-pc-linux-gnu
lt_cv_ar_at_file=@
lt_cv_archive_cmds_need_lc=no
lt_cv_deplibs_check_method=pass_all
lt_cv_file_magic_cmd='$MAGIC_CMD'
lt_cv_file_magic_test_file=
lt_cv_ld_reload_flag=-r
lt_cv_nm_interface='BSD nm'
lt_cv_objdir=.libs
lt_cv_path_LD=/usr/bin/ld
lt_cv_path_NM='/usr/bin/nm -B'
lt_cv_path_mainfest_tool=no
lt_cv_prog_compiler_c_o=yes
lt_cv_prog_compiler_pic='-fPIC -DPIC'
lt_cv_prog_compiler_pic_works=yes
lt_cv_prog_compiler_rtti_exceptions=no
lt_cv_prog_compiler_static_works=yes
lt_cv_prog_gnu_ld=yes
lt_cv_sharedlib_from_linklib_cmd='printf %s\n'
lt_cv_shlibpath_overrides_runpath=no
lt_cv_sys_global_symbol_pipe='sed -n -e '\''s/^.*[	 ]\([ABCDGIRSTW][ABCDGIRSTW]*\)[	 ][	 ]*\([_A-Za-z][_A-Za-z0-9]*\)$/\1 \2 \2/p'\'' | sed '\''/ __gnu_lto/d'\'''
lt_cv_sys_global_symbol_to_c_name_address='sed -n -e '\''s/^: \(.*\) .*$/  {"\1", (void *) 0},/p'\'' -e '\''s/^[ABCDGIRSTW][ABCDGIRSTW]* .* \(.*\)$/  {"\1", (void *) \&\1},/p'\'''
lt_cv_sys_global_symbol_to_c_name_address_lib_prefix='sed -n -e '\''s/^: \(.*\) .*$/  {"\1", (void *) 0},/p'\'' -e '\''s/^[ABCDGIRSTW][ABCDGIRSTW]* .* \(lib.*\)$/  {"\1", (void *) \&\1},/p'\'' -e '\''s/^[ABCDGIRSTW][ABCDGIRSTW]* .* \(.*\)$/  {"lib\1", (void *) \&\1},/p'\'''
lt_cv_sys_global_symbol_to_cdecl='sed -n -e '\''s/^T .* \(.*\)$/extern int \1();/p'\'' -e '\''s/^[ABCDGIRSTW][ABCDGIRSTW]* .* \(.*\)$/extern char \1;/p'\'''
lt_cv_sys_global_symbol_to_import=
lt_cv_sys_max_cmd_len=1572864
lt_cv_to_host_file_cmd=func_convert_file_noop
lt_cv_to_tool_file_cmd=func_convert_file_noop
lt_cv_truncate_bin='/bin/dd bs=4096 count=1'
php_cv_cc_dashr=no
php_cv_cc_rpath=yes

## ----------------- ##
## Output variables. ##
## ----------------- ##

AR='ar'
AWK='nawk'
CC='cc'
CFLAGS='-g -O2'
CONFIGURE_COMMAND=' '\''./configure'\''  '\''--with-php-config=/usr/bin/php-config'\'''
CONFIGURE_OPTIONS=' '\''--with-php-config=/usr/bin/php-config'\'''
CPP='cc -E'
CPPFLAGS=' -DHAVE_CONFIG_H'
DEFS='-DHAVE_CONFIG_H'
DLLTOOL='false'
DSYMUTIL=''
DUMPBIN=''
ECHO_C=''
ECHO_N='-n'
ECHO_T=''
EGREP='/bin/grep -E'
EXEEXT=''
FGREP='/bin/grep -F'
GREP='/bin/grep'
LD='/usr/bin/ld -m elf_x86_64'
LDFLAGS=''
LIBOBJS=''
LIBS=''
LIBTOOL='$(SHELL) $(top_builddir)/libtool'
LIPO=''
LN_S='ln -s'
LTLIBOBJS=''
LT_SYS_LIBRARY_PATH=''
MANIFEST_TOOL=':'
NM='/usr/bin/nm -B'
NMEDIT=''
OBJDUMP='objdump'
OBJEXT='o'
OTOOL64=''
OTOOL=''
PACKAGE_BUGREPORT=''
PACKAGE_NAME=''
PACKAGE_STRING=''
PACKAGE_TARNAME=''
PACKAGE_URL=''
PACKAGE_VERSION=''
PATH_SEPARATOR=':'
RANLIB='ranlib'
RE2C='exit 0;'
SED='/bin/sed'
SHELL='/bin/sh'
SHLIB_DL_SUFFIX_NAME='so'
SHLIB_SUFFIX_NAME='so'
STRIP='strip'
ac_ct_AR='ar'
ac_ct_CC='cc'
ac_ct_DUMPBIN=''
bindir='${exec_prefix}/bin'
build='x86_64-pc-linux-gnu'
build_alias=''
build_cpu='x86_64'
build_os='linux-gnu'
build_vendor='pc'
datadir='${datarootdir}'
datarootdir='${prefix}/share'
docdir='${datarootdir}/doc/${PACKAGE}'
dvidir='${docdir}'
exec_prefix='$(prefix)'
host='x86_64-pc-linux-gnu'
host_alias='x86_64-pc-linux-gnu'
host_cpu='x86_64'
host_os='linux-gnu'
host_vendor='pc'
htmldir='${docdir}'
includedir='${prefix}/include'
infodir='${datarootdir}/info'
libdir='${exec_prefix}/lib'
libexecdir='${exec_prefix}/libexec'
localedir='${datarootdir}/locale'
localstatedir='${prefix}/var'
mandir='${datarootdir}/man'
oldincludedir='/usr/include'
pdfdir='${docdir}'
prefix='/usr'
program_transform_name='s,x,x,'
psdir='${docdir}'
runstatedir='${localstatedir}/run'
sbindir='${exec_prefix}/sbin'
sharedstatedir='${prefix}/com'
sysconfdir='${prefix}/etc'
target='x86_64-pc-linux-gnu'
target_alias=''
target_cpu='x86_64'
target_os='linux-gnu'
target_vendor='pc'

## ----------- ##
## confdefs.h. ##
## ----------- ##

/* confdefs.h */
#define PACKAGE_NAME ""
#define PACKAGE_TARNAME ""
#define PACKAGE_VERSION ""
#define PACKAGE_STRING ""
#define PACKAGE_BUGREPORT ""
#define PACKAGE_URL ""
#define COMPILE_DL_BRUCE 1
#define STDC_HEADERS 1
#define HAVE_SYS_TYPES_H 1
#define HAVE_SYS_STAT_H 1
#define HAVE_STDLIB_H 1
#define HAVE_STRING_H 1
#define HAVE_MEMORY_H 1
#define HAVE_STRINGS_H 1
#define HAVE_INTTYPES_H 1
#define HAVE_STDINT_H 1
#define HAVE_UNISTD_H 1
#define HAVE_DLFCN_H 1
#define LT_OBJDIR ".libs/"

configure: exit 0
