[29 Dec 14:10:17] ERROR: Segmentation fault and fix deadlock
[29 Dec 14:10:17] ERROR: /usr/lib/php/20151012/beast.so(segmentfault_deadlock_fix+0x35) [0x7f7d830f34c5]
[29 Dec 14:10:17] ERROR: /lib/x86_64-linux-gnu/libc.so.6(+0x354b0) [0x7f7d94ba44b0]
[29 Dec 14:10:17] ERROR: php(+0x261d20) [0x5642a3540d20]
[29 Dec 14:10:17] ERROR: php(zend_print_zval_r_ex+0x1a5) [0x5642a3540a15]
[29 Dec 14:10:17] ERROR: php(zif_print_r+0x4e) [0x5642a347ea9e]
[29 Dec 14:10:17] ERROR: php(+0x2b1f8d) [0x5642a3590f8d]
[29 Dec 14:10:17] ERROR: php(execute_ex+0x1b) [0x5642a358223b]
[29 Dec 14:10:17] ERROR: php(zend_execute+0x1a7) [0x5642a35d6867]
[29 Dec 14:10:17] ERROR: php(zend_execute_scripts+0xc3) [0x5642a3541a03]
[29 Dec 14:10:17] ERROR: php(php_execute_script+0x2d0) [0x5642a34e0b60]
[29 Dec 14:13:43] ERROR: Segmentation fault and fix deadlock
[29 Dec 14:13:43] ERROR: /usr/lib/php/20151012/beast.so(segmentfault_deadlock_fix+0x35) [0x7f48348f34c5]
[29 Dec 14:13:43] ERROR: /lib/x86_64-linux-gnu/libc.so.6(+0x354b0) [0x7f48463114b0]
[29 Dec 14:13:43] ERROR: php(+0x20454c) [0x55da29c2b54c]
[29 Dec 14:13:43] ERROR: php(vspprintf+0x48) [0x55da29c2d248]
[29 Dec 14:13:43] ERROR: php(php_printf+0xad) [0x55da29c264ed]
[29 Dec 14:13:43] ERROR: /usr/lib/php/20151012/bruce.so(zif_confirm_bruce_compiled+0x6e) [0x7f48346ecbae]
[29 Dec 14:13:43] ERROR: php(+0x2b1f8d) [0x55da29cd8f8d]
[29 Dec 14:13:43] ERROR: php(execute_ex+0x1b) [0x55da29cca23b]
[29 Dec 14:13:43] ERROR: php(zend_execute+0x1a7) [0x55da29d1e867]
[29 Dec 14:13:43] ERROR: php(zend_execute_scripts+0xc3) [0x55da29c89a03]
[29 Dec 14:17:16] ERROR: Segmentation fault and fix deadlock
[29 Dec 14:17:16] ERROR: /usr/lib/php/20151012/beast.so(segmentfault_deadlock_fix+0x35) [0x7fdd178f34c5]
[29 Dec 14:17:16] ERROR: /lib/x86_64-linux-gnu/libc.so.6(+0x354b0) [0x7fdd293194b0]
[29 Dec 14:17:16] ERROR: php(php_var_dump+0x4b) [0x55808d041b9b]
[29 Dec 14:17:16] ERROR: /usr/lib/php/20151012/bruce.so(zif_confirm_bruce_compiled+0xb1) [0x7fdd176ecbf1]
[29 Dec 14:17:16] ERROR: php(+0x2b1f8d) [0x55808d113f8d]
[29 Dec 14:17:16] ERROR: php(execute_ex+0x1b) [0x55808d10523b]
[29 Dec 14:17:16] ERROR: php(zend_execute+0x1a7) [0x55808d159867]
[29 Dec 14:17:16] ERROR: php(zend_execute_scripts+0xc3) [0x55808d0c4a03]
[29 Dec 14:17:16] ERROR: php(php_execute_script+0x2d0) [0x55808d063b60]
[29 Dec 14:17:16] ERROR: php(+0x2f9527) [0x55808d15b527]
[29 Dec 14:17:18] ERROR: Segmentation fault and fix deadlock
[29 Dec 14:17:18] ERROR: /usr/lib/php/20151012/beast.so(segmentfault_deadlock_fix+0x35) [0x7f3a1b6f34c5]
[29 Dec 14:17:18] ERROR: /lib/x86_64-linux-gnu/libc.so.6(+0x354b0) [0x7f3a2d0a54b0]
[29 Dec 14:17:18] ERROR: php(php_var_dump+0x4b) [0x563a4cc2cb9b]
[29 Dec 14:17:18] ERROR: /usr/lib/php/20151012/bruce.so(zif_confirm_bruce_compiled+0xb1) [0x7f3a1b4ecbf1]
[29 Dec 14:17:18] ERROR: php(+0x2b1f8d) [0x563a4ccfef8d]
[29 Dec 14:17:18] ERROR: php(execute_ex+0x1b) [0x563a4ccf023b]
[29 Dec 14:17:18] ERROR: php(zend_execute+0x1a7) [0x563a4cd44867]
[29 Dec 14:17:18] ERROR: php(zend_execute_scripts+0xc3) [0x563a4ccafa03]
[29 Dec 14:17:18] ERROR: php(php_execute_script+0x2d0) [0x563a4cc4eb60]
[29 Dec 14:17:18] ERROR: php(+0x2f9527) [0x563a4cd46527]
[29 Dec 14:17:18] ERROR: Segmentation fault and fix deadlock
[29 Dec 14:17:18] ERROR: /usr/lib/php/20151012/beast.so(segmentfault_deadlock_fix+0x35) [0x7fa48acf34c5]
[29 Dec 14:17:18] ERROR: /lib/x86_64-linux-gnu/libc.so.6(+0x354b0) [0x7fa49c7c14b0]
[29 Dec 14:17:18] ERROR: php(php_var_dump+0x4b) [0x55c267816b9b]
[29 Dec 14:17:18] ERROR: /usr/lib/php/20151012/bruce.so(zif_confirm_bruce_compiled+0xb1) [0x7fa48aaecbf1]
[29 Dec 14:17:18] ERROR: php(+0x2b1f8d) [0x55c2678e8f8d]
[29 Dec 14:17:18] ERROR: php(execute_ex+0x1b) [0x55c2678da23b]
[29 Dec 14:17:18] ERROR: php(zend_execute+0x1a7) [0x55c26792e867]
[29 Dec 14:17:18] ERROR: php(zend_execute_scripts+0xc3) [0x55c267899a03]
[29 Dec 14:17:18] ERROR: php(php_execute_script+0x2d0) [0x55c267838b60]
[29 Dec 14:17:18] ERROR: php(+0x2f9527) [0x55c267930527]
[29 Dec 14:17:19] ERROR: Segmentation fault and fix deadlock
[29 Dec 14:17:19] ERROR: /usr/lib/php/20151012/beast.so(segmentfault_deadlock_fix+0x35) [0x7fbdbc4f34c5]
[29 Dec 14:17:19] ERROR: /lib/x86_64-linux-gnu/libc.so.6(+0x354b0) [0x7fbdce0244b0]
[29 Dec 14:17:19] ERROR: php(php_var_dump+0x4b) [0x55f3557c6b9b]
[29 Dec 14:17:19] ERROR: /usr/lib/php/20151012/bruce.so(zif_confirm_bruce_compiled+0xb1) [0x7fbdbc2ecbf1]
[29 Dec 14:17:19] ERROR: php(+0x2b1f8d) [0x55f355898f8d]
[29 Dec 14:17:19] ERROR: php(execute_ex+0x1b) [0x55f35588a23b]
[29 Dec 14:17:19] ERROR: php(zend_execute+0x1a7) [0x55f3558de867]
[29 Dec 14:17:19] ERROR: php(zend_execute_scripts+0xc3) [0x55f355849a03]
[29 Dec 14:17:19] ERROR: php(php_execute_script+0x2d0) [0x55f3557e8b60]
[29 Dec 14:17:19] ERROR: php(+0x2f9527) [0x55f3558e0527]
[29 Dec 14:17:21] ERROR: Segmentation fault and fix deadlock
[29 Dec 14:17:21] ERROR: /usr/lib/php/20151012/beast.so(segmentfault_deadlock_fix+0x35) [0x7fb4dccf34c5]
[29 Dec 14:17:21] ERROR: /lib/x86_64-linux-gnu/libc.so.6(+0x354b0) [0x7fb4ee77e4b0]
[29 Dec 14:17:21] ERROR: php(php_var_dump+0x4b) [0x556075bbab9b]
[29 Dec 14:17:21] ERROR: /usr/lib/php/20151012/bruce.so(zif_confirm_bruce_compiled+0xb1) [0x7fb4dcaecbf1]
[29 Dec 14:17:21] ERROR: php(+0x2b1f8d) [0x556075c8cf8d]
[29 Dec 14:17:21] ERROR: php(execute_ex+0x1b) [0x556075c7e23b]
[29 Dec 14:17:21] ERROR: php(zend_execute+0x1a7) [0x556075cd2867]
[29 Dec 14:17:21] ERROR: php(zend_execute_scripts+0xc3) [0x556075c3da03]
[29 Dec 14:17:21] ERROR: php(php_execute_script+0x2d0) [0x556075bdcb60]
[29 Dec 14:17:21] ERROR: php(+0x2f9527) [0x556075cd4527]
[29 Dec 15:07:56] ERROR: Segmentation fault and fix deadlock
[29 Dec 15:07:56] ERROR: /usr/lib/php/20151012/beast.so(segmentfault_deadlock_fix+0x35) [0x7f5f9f6f34c5]
[29 Dec 15:07:56] ERROR: /lib/x86_64-linux-gnu/libc.so.6(+0x354b0) [0x7f5fb10634b0]
[29 Dec 15:07:56] ERROR: php(+0x2b2005) [0x555d62ab4005]
[29 Dec 15:07:56] ERROR: php(execute_ex+0x1b) [0x555d62aa523b]
[29 Dec 15:07:56] ERROR: php(zend_execute+0x1a7) [0x555d62af9867]
[29 Dec 15:07:56] ERROR: php(zend_execute_scripts+0xc3) [0x555d62a64a03]
[29 Dec 15:07:56] ERROR: php(php_execute_script+0x2d0) [0x555d62a03b60]
[29 Dec 15:07:56] ERROR: php(+0x2f9527) [0x555d62afb527]
[29 Dec 15:07:56] ERROR: php(main+0x474) [0x555d628e67b4]
[29 Dec 15:07:56] ERROR: /lib/x86_64-linux-gnu/libc.so.6(__libc_start_main+0xf0) [0x7f5fb104e830]
[29 Dec 15:08:17] ERROR: Segmentation fault and fix deadlock
[29 Dec 15:08:17] ERROR: /usr/lib/php/20151012/beast.so(segmentfault_deadlock_fix+0x35) [0x7fb81b6f34c5]
[29 Dec 15:08:17] ERROR: /lib/x86_64-linux-gnu/libc.so.6(+0x354b0) [0x7fb82d0904b0]
[29 Dec 15:08:17] ERROR: php(+0x2c4ca9) [0x5595828bbca9]
[29 Dec 15:08:17] ERROR: php(execute_ex+0x1b) [0x55958289a23b]
[29 Dec 15:08:17] ERROR: php(zend_execute+0x1a7) [0x5595828ee867]
[29 Dec 15:08:17] ERROR: php(zend_execute_scripts+0xc3) [0x559582859a03]
[29 Dec 15:08:17] ERROR: php(php_execute_script+0x2d0) [0x5595827f8b60]
[29 Dec 15:08:17] ERROR: php(+0x2f9527) [0x5595828f0527]
[29 Dec 15:08:17] ERROR: php(main+0x474) [0x5595826db7b4]
[29 Dec 15:08:17] ERROR: /lib/x86_64-linux-gnu/libc.so.6(__libc_start_main+0xf0) [0x7fb82d07b830]
[29 Dec 15:08:48] ERROR: Segmentation fault and fix deadlock
[29 Dec 15:08:48] ERROR: /usr/lib/php/20151012/beast.so(segmentfault_deadlock_fix+0x35) [0x7f9e79ef34c5]
[29 Dec 15:08:48] ERROR: /lib/x86_64-linux-gnu/libc.so.6(+0x354b0) [0x7f9e8b9b64b0]
[29 Dec 15:08:48] ERROR: php(+0x2c4ca9) [0x55d465bc2ca9]
[29 Dec 15:08:48] ERROR: php(execute_ex+0x1b) [0x55d465ba123b]
[29 Dec 15:08:48] ERROR: php(zend_execute+0x1a7) [0x55d465bf5867]
[29 Dec 15:08:48] ERROR: php(zend_execute_scripts+0xc3) [0x55d465b60a03]
[29 Dec 15:08:48] ERROR: php(php_execute_script+0x2d0) [0x55d465affb60]
[29 Dec 15:08:48] ERROR: php(+0x2f9527) [0x55d465bf7527]
[29 Dec 15:08:48] ERROR: php(main+0x474) [0x55d4659e27b4]
[29 Dec 15:08:48] ERROR: /lib/x86_64-linux-gnu/libc.so.6(__libc_start_main+0xf0) [0x7f9e8b9a1830]
[29 Dec 15:17:07] ERROR: Segmentation fault and fix deadlock
[29 Dec 15:17:07] ERROR: /usr/lib/php/20151012/beast.so(segmentfault_deadlock_fix+0x35) [0x7fcd828f34c5]
[29 Dec 15:17:07] ERROR: /lib/x86_64-linux-gnu/libc.so.6(+0x354b0) [0x7fcd943724b0]
[29 Dec 15:17:07] ERROR: php(add_get_index_long+0x4) [0x55e02bf20504]
[29 Dec 15:17:07] ERROR: /usr/lib/php/20151012/bruce.so(zif_bruce_arr+0x1d) [0x7fcd826ecccd]
[29 Dec 15:17:07] ERROR: php(+0x2b1f8d) [0x55e02bf6bf8d]
[29 Dec 15:17:07] ERROR: php(execute_ex+0x1b) [0x55e02bf5d23b]
[29 Dec 15:17:07] ERROR: php(zend_execute+0x1a7) [0x55e02bfb1867]
[29 Dec 15:17:07] ERROR: php(zend_execute_scripts+0xc3) [0x55e02bf1ca03]
[29 Dec 15:17:07] ERROR: php(php_execute_script+0x2d0) [0x55e02bebbb60]
[29 Dec 15:17:07] ERROR: php(+0x2f9527) [0x55e02bfb3527]
[29 Dec 15:19:37] ERROR: Segmentation fault and fix deadlock
[29 Dec 15:19:37] ERROR: /usr/lib/php/20151012/beast.so(segmentfault_deadlock_fix+0x35) [0x7fc47bcf34c5]
[29 Dec 15:19:37] ERROR: /lib/x86_64-linux-gnu/libc.so.6(+0x354b0) [0x7fc48d7154b0]
[29 Dec 15:19:37] ERROR: php(+0x2c4ca9) [0x559273c10ca9]
[29 Dec 15:19:37] ERROR: php(execute_ex+0x1b) [0x559273bef23b]
[29 Dec 15:19:37] ERROR: php(zend_execute+0x1a7) [0x559273c43867]
[29 Dec 15:19:37] ERROR: php(zend_execute_scripts+0xc3) [0x559273baea03]
[29 Dec 15:19:37] ERROR: php(php_execute_script+0x2d0) [0x559273b4db60]
[29 Dec 15:19:37] ERROR: php(+0x2f9527) [0x559273c45527]
[29 Dec 15:19:37] ERROR: php(main+0x474) [0x559273a307b4]
[29 Dec 15:19:37] ERROR: /lib/x86_64-linux-gnu/libc.so.6(__libc_start_main+0xf0) [0x7fc48d700830]
[29 Dec 15:50:03] ERROR: Segmentation fault and fix deadlock
[29 Dec 15:50:03] ERROR: /usr/lib/php/20151012/beast.so(segmentfault_deadlock_fix+0x35) [0x7f4b07cf34c5]
[29 Dec 15:50:03] ERROR: /lib/x86_64-linux-gnu/libc.so.6(+0x354b0) [0x7f4b197014b0]
[29 Dec 15:50:03] ERROR: php(_array_init+0x17) [0x556b6ed12b67]
[29 Dec 15:50:03] ERROR: /usr/lib/php/20151012/bruce.so(zif_bruce_arr+0xd) [0x7f4b07aecd0d]
[29 Dec 15:50:03] ERROR: php(+0x2b1f8d) [0x556b6ed5ff8d]
[29 Dec 15:50:03] ERROR: php(execute_ex+0x1b) [0x556b6ed5123b]
[29 Dec 15:50:03] ERROR: php(zend_execute+0x1a7) [0x556b6eda5867]
[29 Dec 15:50:03] ERROR: php(zend_execute_scripts+0xc3) [0x556b6ed10a03]
[29 Dec 15:50:03] ERROR: php(php_execute_script+0x2d0) [0x556b6ecafb60]
[29 Dec 15:50:03] ERROR: php(+0x2f9527) [0x556b6eda7527]
[29 Dec 15:54:51] ERROR: Segmentation fault and fix deadlock
[29 Dec 15:54:51] ERROR: /usr/lib/php/20151012/beast.so(segmentfault_deadlock_fix+0x35) [0x7f6c528f34c5]
[29 Dec 15:54:51] ERROR: /lib/x86_64-linux-gnu/libc.so.6(+0x354b0) [0x7f6c642a34b0]
[29 Dec 15:54:51] ERROR: php(+0x2c4ca9) [0x562550dc0ca9]
[29 Dec 15:54:51] ERROR: php(execute_ex+0x1b) [0x562550d9f23b]
[29 Dec 15:54:51] ERROR: php(zend_execute+0x1a7) [0x562550df3867]
[29 Dec 15:54:51] ERROR: php(zend_execute_scripts+0xc3) [0x562550d5ea03]
[29 Dec 15:54:51] ERROR: php(php_execute_script+0x2d0) [0x562550cfdb60]
[29 Dec 15:54:51] ERROR: php(+0x2f9527) [0x562550df5527]
[29 Dec 15:54:51] ERROR: php(main+0x474) [0x562550be07b4]
[29 Dec 15:54:51] ERROR: /lib/x86_64-linux-gnu/libc.so.6(__libc_start_main+0xf0) [0x7f6c6428e830]
[29 Dec 15:55:22] ERROR: Segmentation fault and fix deadlock
[29 Dec 15:55:22] ERROR: /usr/lib/php/20151012/beast.so(segmentfault_deadlock_fix+0x35) [0x7fb0a78f34c5]
[29 Dec 15:55:22] ERROR: /lib/x86_64-linux-gnu/libc.so.6(+0x354b0) [0x7fb0b92d54b0]
[29 Dec 15:55:22] ERROR: php(+0x2c4ca9) [0x55eaea5edca9]
[29 Dec 15:55:22] ERROR: php(execute_ex+0x1b) [0x55eaea5cc23b]
[29 Dec 15:55:22] ERROR: php(zend_execute+0x1a7) [0x55eaea620867]
[29 Dec 15:55:22] ERROR: php(zend_execute_scripts+0xc3) [0x55eaea58ba03]
[29 Dec 15:55:22] ERROR: php(php_execute_script+0x2d0) [0x55eaea52ab60]
[29 Dec 15:55:22] ERROR: php(+0x2f9527) [0x55eaea622527]
[29 Dec 15:55:22] ERROR: php(main+0x474) [0x55eaea40d7b4]
[29 Dec 15:55:22] ERROR: /lib/x86_64-linux-gnu/libc.so.6(__libc_start_main+0xf0) [0x7fb0b92c0830]
[29 Dec 16:00:13] ERROR: Segmentation fault and fix deadlock
[29 Dec 16:00:13] ERROR: /usr/lib/php/20151012/beast.so(segmentfault_deadlock_fix+0x35) [0x7f55894f34c5]
[29 Dec 16:00:13] ERROR: /lib/x86_64-linux-gnu/libc.so.6(+0x354b0) [0x7f559af444b0]
[29 Dec 16:00:13] ERROR: php(+0x2c4ca9) [0x55dd75c11ca9]
[29 Dec 16:00:13] ERROR: php(execute_ex+0x1b) [0x55dd75bf023b]
[29 Dec 16:00:13] ERROR: php(zend_execute+0x1a7) [0x55dd75c44867]
[29 Dec 16:00:13] ERROR: php(zend_execute_scripts+0xc3) [0x55dd75bafa03]
[29 Dec 16:00:13] ERROR: php(php_execute_script+0x2d0) [0x55dd75b4eb60]
[29 Dec 16:00:13] ERROR: php(+0x2f9527) [0x55dd75c46527]
[29 Dec 16:00:13] ERROR: php(main+0x474) [0x55dd75a317b4]
[29 Dec 16:00:13] ERROR: /lib/x86_64-linux-gnu/libc.so.6(__libc_start_main+0xf0) [0x7f559af2f830]
[29 Dec 16:03:17] ERROR: Segmentation fault and fix deadlock
[29 Dec 16:03:17] ERROR: /usr/lib/php/20151012/beast.so(segmentfault_deadlock_fix+0x35) [0x7f4dfeaf34c5]
[29 Dec 16:03:17] ERROR: /lib/x86_64-linux-gnu/libc.so.6(+0x354b0) [0x7f4e104a34b0]
[29 Dec 16:03:17] ERROR: php(_zend_hash_next_index_insert+0xb) [0x557b79f000cb]
[29 Dec 16:03:17] ERROR: php(add_next_index_long+0x2b) [0x557b79ef3f9b]
[29 Dec 16:03:17] ERROR: /usr/lib/php/20151012/bruce.so(zif_bruce_arr+0x1f) [0x7f4dfe8ecccf]
[29 Dec 16:03:17] ERROR: php(+0x2b1f8d) [0x557b79f3ff8d]
[29 Dec 16:03:17] ERROR: php(execute_ex+0x1b) [0x557b79f3123b]
[29 Dec 16:03:17] ERROR: php(zend_execute+0x1a7) [0x557b79f85867]
[29 Dec 16:03:17] ERROR: php(zend_execute_scripts+0xc3) [0x557b79ef0a03]
[29 Dec 16:03:17] ERROR: php(php_execute_script+0x2d0) [0x557b79e8fb60]
[29 Dec 16:03:43] ERROR: Segmentation fault and fix deadlock
[29 Dec 16:03:43] ERROR: /usr/lib/php/20151012/beast.so(segmentfault_deadlock_fix+0x35) [0x7f3f662f34c5]
[29 Dec 16:03:43] ERROR: /lib/x86_64-linux-gnu/libc.so.6(+0x354b0) [0x7f3f77cff4b0]
[29 Dec 16:03:43] ERROR: php(_zend_hash_next_index_insert+0xb) [0x55d5a4d3b0cb]
[29 Dec 16:03:43] ERROR: php(add_next_index_long+0x2b) [0x55d5a4d2ef9b]
[29 Dec 16:03:43] ERROR: /usr/lib/php/20151012/bruce.so(zif_bruce_arr+0x1f) [0x7f3f660ecccf]
[29 Dec 16:03:43] ERROR: php(+0x2b1f8d) [0x55d5a4d7af8d]
[29 Dec 16:03:43] ERROR: php(execute_ex+0x1b) [0x55d5a4d6c23b]
[29 Dec 16:03:43] ERROR: php(zend_execute+0x1a7) [0x55d5a4dc0867]
[29 Dec 16:03:43] ERROR: php(zend_execute_scripts+0xc3) [0x55d5a4d2ba03]
[29 Dec 16:03:43] ERROR: php(php_execute_script+0x2d0) [0x55d5a4ccab60]
[02 Jan 09:58:01] ERROR: Segmentation fault and fix deadlock
[02 Jan 09:58:01] ERROR: /usr/lib/php/20151012/beast.so(segmentfault_deadlock_fix+0x35) [0x7f063a8f34c5]
[02 Jan 09:58:01] ERROR: /lib/x86_64-linux-gnu/libc.so.6(+0x354b0) [0x7f064c3db4b0]
[02 Jan 09:58:01] ERROR: /usr/lib/php/20151012/readline.so(+0x35a0) [0x7f063da585a0]
[02 Jan 09:58:01] ERROR: php(+0x2f9773) [0x5577f6068773]
[02 Jan 09:58:01] ERROR: php(php_output_write+0x15f) [0x5577f5f82fef]
[02 Jan 09:58:01] ERROR: /usr/lib/php/20151012/bruce.so(zif_bruce_echo_string+0x71) [0x7f063a6ecda1]
[02 Jan 09:58:01] ERROR: php(+0x2b1f8d) [0x5577f6020f8d]
[02 Jan 09:58:01] ERROR: php(execute_ex+0x1b) [0x5577f601223b]
[02 Jan 09:58:01] ERROR: php(zend_execute+0x1a7) [0x5577f6066867]
[02 Jan 09:58:01] ERROR: php(zend_execute_scripts+0xc3) [0x5577f5fd1a03]
[02 Jan 10:00:07] ERROR: Segmentation fault and fix deadlock
[02 Jan 10:00:07] ERROR: /usr/lib/php/20151012/beast.so(segmentfault_deadlock_fix+0x35) [0x7f003a4f34c5]
[02 Jan 10:00:07] ERROR: /lib/x86_64-linux-gnu/libc.so.6(+0x354b0) [0x7f004bec34b0]
[02 Jan 10:00:07] ERROR: /usr/lib/php/20151012/readline.so(+0x35a0) [0x7f003d6585a0]
[02 Jan 10:00:07] ERROR: php(+0x2f9773) [0x55d50efad773]
[02 Jan 10:00:07] ERROR: php(php_output_write+0x15f) [0x55d50eec7fef]
[02 Jan 10:00:07] ERROR: /usr/lib/php/20151012/bruce.so(zif_bruce_echo_string+0x71) [0x7f003a2ecda1]
[02 Jan 10:00:07] ERROR: php(+0x2b1f8d) [0x55d50ef65f8d]
[02 Jan 10:00:07] ERROR: php(execute_ex+0x1b) [0x55d50ef5723b]
[02 Jan 10:00:07] ERROR: php(zend_execute+0x1a7) [0x55d50efab867]
[02 Jan 10:00:07] ERROR: php(zend_execute_scripts+0xc3) [0x55d50ef16a03]
[02 Jan 10:00:26] ERROR: Segmentation fault and fix deadlock
[02 Jan 10:00:26] ERROR: /usr/lib/php/20151012/beast.so(segmentfault_deadlock_fix+0x35) [0x7f33a88f34c5]
[02 Jan 10:00:26] ERROR: /lib/x86_64-linux-gnu/libc.so.6(+0x354b0) [0x7f33ba2744b0]
[02 Jan 10:00:26] ERROR: /usr/lib/php/20151012/readline.so(+0x35a0) [0x7f33aba585a0]
[02 Jan 10:00:26] ERROR: php(+0x2f9773) [0x5597448e0773]
[02 Jan 10:00:26] ERROR: php(php_output_write+0x15f) [0x5597447fafef]
[02 Jan 10:00:26] ERROR: /usr/lib/php/20151012/bruce.so(zif_bruce_echo_string+0x71) [0x7f33a86ecda1]
[02 Jan 10:00:26] ERROR: php(+0x2b1f8d) [0x559744898f8d]
[02 Jan 10:00:26] ERROR: php(execute_ex+0x1b) [0x55974488a23b]
[02 Jan 10:00:26] ERROR: php(zend_execute+0x1a7) [0x5597448de867]
[02 Jan 10:00:26] ERROR: php(zend_execute_scripts+0xc3) [0x559744849a03]
[02 Jan 10:02:45] ERROR: Segmentation fault and fix deadlock
[02 Jan 10:02:45] ERROR: /usr/lib/php/20151012/beast.so(segmentfault_deadlock_fix+0x35) [0x7fd82baf34c5]
[02 Jan 10:02:45] ERROR: /lib/x86_64-linux-gnu/libc.so.6(+0x354b0) [0x7fd83d4d24b0]
[02 Jan 10:02:45] ERROR: /usr/lib/php/20151012/readline.so(+0x35a0) [0x7fd82ec585a0]
[02 Jan 10:02:45] ERROR: php(+0x2f9773) [0x5603cf2b9773]
[02 Jan 10:02:45] ERROR: php(php_output_write+0x15f) [0x5603cf1d3fef]
[02 Jan 10:02:45] ERROR: /usr/lib/php/20151012/bruce.so(zif_bruce_echo_string+0x4c) [0x7fd82b8ecd7c]
[02 Jan 10:02:45] ERROR: php(+0x2b1f8d) [0x5603cf271f8d]
[02 Jan 10:02:45] ERROR: php(execute_ex+0x1b) [0x5603cf26323b]
[02 Jan 10:02:45] ERROR: php(zend_execute+0x1a7) [0x5603cf2b7867]
[02 Jan 10:02:45] ERROR: php(zend_execute_scripts+0xc3) [0x5603cf222a03]
[02 Jan 10:02:55] ERROR: Segmentation fault and fix deadlock
[02 Jan 10:02:55] ERROR: /usr/lib/php/20151012/beast.so(segmentfault_deadlock_fix+0x35) [0x7fbcd00f34c5]
[02 Jan 10:02:55] ERROR: /lib/x86_64-linux-gnu/libc.so.6(+0x354b0) [0x7fbce1a8d4b0]
[02 Jan 10:02:55] ERROR: /usr/lib/php/20151012/readline.so(+0x35a0) [0x7fbcd32585a0]
[02 Jan 10:02:55] ERROR: php(+0x2f9773) [0x55737f707773]
[02 Jan 10:02:55] ERROR: php(php_output_write+0x15f) [0x55737f621fef]
[02 Jan 10:02:55] ERROR: /usr/lib/php/20151012/bruce.so(zif_bruce_echo_string+0x4c) [0x7fbccfeecd7c]
[02 Jan 10:02:55] ERROR: php(+0x2b1f8d) [0x55737f6bff8d]
[02 Jan 10:02:55] ERROR: php(execute_ex+0x1b) [0x55737f6b123b]
[02 Jan 10:02:55] ERROR: php(zend_execute+0x1a7) [0x55737f705867]
[02 Jan 10:02:55] ERROR: php(zend_execute_scripts+0xc3) [0x55737f670a03]
[02 Jan 10:03:26] ERROR: Segmentation fault and fix deadlock
[02 Jan 10:03:26] ERROR: /usr/lib/php/20151012/beast.so(segmentfault_deadlock_fix+0x35) [0x7f696acf34c5]
[02 Jan 10:03:26] ERROR: /lib/x86_64-linux-gnu/libc.so.6(+0x354b0) [0x7f697c8264b0]
[02 Jan 10:03:26] ERROR: /usr/lib/php/20151012/readline.so(+0x35a0) [0x7f696de585a0]
[02 Jan 10:03:26] ERROR: php(+0x2f9773) [0x558109d83773]
[02 Jan 10:03:26] ERROR: php(php_output_write+0x15f) [0x558109c9dfef]
[02 Jan 10:03:26] ERROR: /usr/lib/php/20151012/bruce.so(zif_bruce_echo_string+0x4c) [0x7f696aaecd7c]
[02 Jan 10:03:26] ERROR: php(+0x2b1f8d) [0x558109d3bf8d]
[02 Jan 10:03:26] ERROR: php(execute_ex+0x1b) [0x558109d2d23b]
[02 Jan 10:03:26] ERROR: php(zend_execute+0x1a7) [0x558109d81867]
[02 Jan 10:03:26] ERROR: php(zend_execute_scripts+0xc3) [0x558109ceca03]
[02 Jan 10:04:02] ERROR: Segmentation fault and fix deadlock
[02 Jan 10:04:02] ERROR: /usr/lib/php/20151012/beast.so(segmentfault_deadlock_fix+0x35) [0x7f596b2f34c5]
[02 Jan 10:04:02] ERROR: /lib/x86_64-linux-gnu/libc.so.6(+0x354b0) [0x7f597cd9f4b0]
[02 Jan 10:04:02] ERROR: /usr/lib/php/20151012/readline.so(+0x35a0) [0x7f596e4585a0]
[02 Jan 10:04:02] ERROR: php(+0x2f9773) [0x5611304a0773]
[02 Jan 10:04:02] ERROR: php(php_output_write+0x15f) [0x5611303bafef]
[02 Jan 10:04:02] ERROR: /usr/lib/php/20151012/bruce.so(zif_bruce_echo_string+0x4c) [0x7f596b0ecd7c]
[02 Jan 10:04:02] ERROR: php(+0x2b1f8d) [0x561130458f8d]
[02 Jan 10:04:02] ERROR: php(execute_ex+0x1b) [0x56113044a23b]
[02 Jan 10:04:02] ERROR: php(zend_execute+0x1a7) [0x56113049e867]
[02 Jan 10:04:02] ERROR: php(zend_execute_scripts+0xc3) [0x561130409a03]
[02 Jan 10:04:27] ERROR: Segmentation fault and fix deadlock
[02 Jan 10:04:27] ERROR: /usr/lib/php/20151012/beast.so(segmentfault_deadlock_fix+0x35) [0x7fdb5c4f34c5]
[02 Jan 10:04:27] ERROR: /lib/x86_64-linux-gnu/libc.so.6(+0x354b0) [0x7fdb6de7e4b0]
[02 Jan 10:04:27] ERROR: /usr/lib/php/20151012/readline.so(+0x35a0) [0x7fdb5f6585a0]
[02 Jan 10:04:27] ERROR: php(+0x2f9773) [0x562bbb4c3773]
[02 Jan 10:04:27] ERROR: php(php_output_write+0x15f) [0x562bbb3ddfef]
[02 Jan 10:04:27] ERROR: /usr/lib/php/20151012/bruce.so(zif_bruce_echo_string+0x69) [0x7fdb5c2ecde9]
[02 Jan 10:04:27] ERROR: php(+0x2b1f8d) [0x562bbb47bf8d]
[02 Jan 10:04:27] ERROR: php(execute_ex+0x1b) [0x562bbb46d23b]
[02 Jan 10:04:27] ERROR: php(zend_execute+0x1a7) [0x562bbb4c1867]
[02 Jan 10:04:27] ERROR: php(zend_execute_scripts+0xc3) [0x562bbb42ca03]
[02 Jan 10:05:00] ERROR: Segmentation fault and fix deadlock
[02 Jan 10:05:00] ERROR: /usr/lib/php/20151012/beast.so(segmentfault_deadlock_fix+0x35) [0x7f6637ef34c5]
[02 Jan 10:05:00] ERROR: /lib/x86_64-linux-gnu/libc.so.6(+0x354b0) [0x7f664985a4b0]
[02 Jan 10:05:00] ERROR: /usr/lib/php/20151012/readline.so(+0x35a0) [0x7f663b0585a0]
[02 Jan 10:05:00] ERROR: php(+0x2f9773) [0x556e8e496773]
[02 Jan 10:05:00] ERROR: php(php_output_write+0x15f) [0x556e8e3b0fef]
[02 Jan 10:05:00] ERROR: /usr/lib/php/20151012/bruce.so(zif_bruce_echo_string+0x69) [0x7f6637cecde9]
[02 Jan 10:05:00] ERROR: php(+0x2b1f8d) [0x556e8e44ef8d]
[02 Jan 10:05:00] ERROR: php(execute_ex+0x1b) [0x556e8e44023b]
[02 Jan 10:05:00] ERROR: php(zend_execute+0x1a7) [0x556e8e494867]
[02 Jan 10:05:00] ERROR: php(zend_execute_scripts+0xc3) [0x556e8e3ffa03]
[02 Jan 10:05:12] ERROR: Segmentation fault and fix deadlock
[02 Jan 10:05:12] ERROR: /usr/lib/php/20151012/beast.so(segmentfault_deadlock_fix+0x35) [0x7f3dc8cf34c5]
[02 Jan 10:05:12] ERROR: /lib/x86_64-linux-gnu/libc.so.6(+0x354b0) [0x7f3dda6ed4b0]
[02 Jan 10:05:12] ERROR: /usr/lib/php/20151012/readline.so(+0x35a0) [0x7f3dcbe585a0]
[02 Jan 10:05:12] ERROR: php(+0x2f9773) [0x55d787201773]
[02 Jan 10:05:12] ERROR: php(php_output_write+0x15f) [0x55d78711bfef]
[02 Jan 10:05:12] ERROR: /usr/lib/php/20151012/bruce.so(zif_bruce_echo_string+0x69) [0x7f3dc8aecde9]
[02 Jan 10:05:12] ERROR: php(+0x2b1f8d) [0x55d7871b9f8d]
[02 Jan 10:05:12] ERROR: php(execute_ex+0x1b) [0x55d7871ab23b]
[02 Jan 10:05:12] ERROR: php(zend_execute+0x1a7) [0x55d7871ff867]
[02 Jan 10:05:12] ERROR: php(zend_execute_scripts+0xc3) [0x55d78716aa03]
[02 Jan 10:06:42] ERROR: Segmentation fault and fix deadlock
[02 Jan 10:06:42] ERROR: /usr/lib/php/20151012/beast.so(segmentfault_deadlock_fix+0x35) [0x7f0682cf34c5]
[02 Jan 10:06:42] ERROR: /lib/x86_64-linux-gnu/libc.so.6(+0x354b0) [0x7f06946c34b0]
[02 Jan 10:06:42] ERROR: /usr/lib/php/20151012/readline.so(+0x35a0) [0x7f0685e585a0]
[02 Jan 10:06:42] ERROR: php(+0x2f9773) [0x557c8e81a773]
[02 Jan 10:06:42] ERROR: php(php_output_write+0x15f) [0x557c8e734fef]
[02 Jan 10:06:42] ERROR: /usr/lib/php/20151012/bruce.so(zif_bruce_echo_string+0x69) [0x7f0682aecde9]
[02 Jan 10:06:42] ERROR: php(+0x2b1f8d) [0x557c8e7d2f8d]
[02 Jan 10:06:42] ERROR: php(execute_ex+0x1b) [0x557c8e7c423b]
[02 Jan 10:06:42] ERROR: php(zend_execute+0x1a7) [0x557c8e818867]
[02 Jan 10:06:42] ERROR: php(zend_execute_scripts+0xc3) [0x557c8e783a03]
[02 Jan 10:08:15] ERROR: Segmentation fault and fix deadlock
[02 Jan 10:08:15] ERROR: /usr/lib/php/20151012/beast.so(segmentfault_deadlock_fix+0x35) [0x7fadfc6f34c5]
[02 Jan 10:08:15] ERROR: /lib/x86_64-linux-gnu/libc.so.6(+0x354b0) [0x7fae0e1c64b0]
[02 Jan 10:08:15] ERROR: /usr/lib/php/20151012/readline.so(+0x35a0) [0x7fadff8585a0]
[02 Jan 10:08:15] ERROR: php(+0x2f9773) [0x55f99ca63773]
[02 Jan 10:08:15] ERROR: php(php_output_write+0x15f) [0x55f99c97dfef]
[02 Jan 10:08:15] ERROR: /usr/lib/php/20151012/bruce.so(zif_bruce_echo_string+0x77) [0x7fadfc4ecdf7]
[02 Jan 10:08:15] ERROR: php(+0x2b1f8d) [0x55f99ca1bf8d]
[02 Jan 10:08:15] ERROR: php(execute_ex+0x1b) [0x55f99ca0d23b]
[02 Jan 10:08:15] ERROR: php(zend_execute+0x1a7) [0x55f99ca61867]
[02 Jan 10:08:15] ERROR: php(zend_execute_scripts+0xc3) [0x55f99c9cca03]
[02 Jan 10:59:59] ERROR: Segmentation fault and fix deadlock
[02 Jan 10:59:59] ERROR: /usr/lib/php/20151012/beast.so(segmentfault_deadlock_fix+0x35) [0x7efd726f34c5]
[02 Jan 10:59:59] ERROR: /lib/x86_64-linux-gnu/libc.so.6(+0x354b0) [0x7efd8418c4b0]
[02 Jan 10:59:59] ERROR: php(_array_init+0x17) [0x5557672b1b67]
[02 Jan 10:59:59] ERROR: /usr/lib/php/20151012/bruce.so(zif_bruce_arr+0xd) [0x7efd724ecdfd]
[02 Jan 10:59:59] ERROR: php(+0x2b1f8d) [0x5557672fef8d]
[02 Jan 10:59:59] ERROR: php(execute_ex+0x1b) [0x5557672f023b]
[02 Jan 10:59:59] ERROR: php(zend_execute+0x1a7) [0x555767344867]
[02 Jan 10:59:59] ERROR: php(zend_execute_scripts+0xc3) [0x5557672afa03]
[02 Jan 10:59:59] ERROR: php(php_execute_script+0x2d0) [0x55576724eb60]
[02 Jan 10:59:59] ERROR: php(+0x2f9527) [0x555767346527]
[02 Jan 11:00:12] ERROR: Segmentation fault and fix deadlock
[02 Jan 11:00:12] ERROR: /usr/lib/php/20151012/beast.so(segmentfault_deadlock_fix+0x35) [0x7fd0c88f34c5]
[02 Jan 11:00:12] ERROR: /lib/x86_64-linux-gnu/libc.so.6(+0x354b0) [0x7fd0da38d4b0]
[02 Jan 11:00:12] ERROR: php(_array_init+0x17) [0x55c451cbbb67]
[02 Jan 11:00:12] ERROR: /usr/lib/php/20151012/bruce.so(zif_bruce_arr+0xd) [0x7fd0c86ecdfd]
[02 Jan 11:00:12] ERROR: php(+0x2b1f8d) [0x55c451d08f8d]
[02 Jan 11:00:12] ERROR: php(execute_ex+0x1b) [0x55c451cfa23b]
[02 Jan 11:00:12] ERROR: php(zend_execute+0x1a7) [0x55c451d4e867]
[02 Jan 11:00:12] ERROR: php(zend_execute_scripts+0xc3) [0x55c451cb9a03]
[02 Jan 11:00:12] ERROR: php(php_execute_script+0x2d0) [0x55c451c58b60]
[02 Jan 11:00:12] ERROR: php(+0x2f9527) [0x55c451d50527]
[02 Jan 11:01:25] ERROR: Segmentation fault and fix deadlock
[02 Jan 11:01:25] ERROR: /usr/lib/php/20151012/beast.so(segmentfault_deadlock_fix+0x35) [0x7fad63ef34c5]
[02 Jan 11:01:25] ERROR: /lib/x86_64-linux-gnu/libc.so.6(+0x354b0) [0x7fad758e54b0]
[02 Jan 11:01:25] ERROR: php(_array_init+0x17) [0x5556630a1b67]
[02 Jan 11:01:25] ERROR: /usr/lib/php/20151012/bruce.so(zif_bruce_arr+0xd) [0x7fad63cecd9d]
[02 Jan 11:01:25] ERROR: php(+0x2b1f8d) [0x5556630eef8d]
[02 Jan 11:01:25] ERROR: php(execute_ex+0x1b) [0x5556630e023b]
[02 Jan 11:01:25] ERROR: php(zend_execute+0x1a7) [0x555663134867]
[02 Jan 11:01:25] ERROR: php(zend_execute_scripts+0xc3) [0x55566309fa03]
[02 Jan 11:01:25] ERROR: php(php_execute_script+0x2d0) [0x55566303eb60]
[02 Jan 11:01:25] ERROR: php(+0x2f9527) [0x555663136527]
[02 Jan 11:09:44] ERROR: Segmentation fault and fix deadlock
[02 Jan 11:09:44] ERROR: /usr/lib/php/20151012/beast.so(segmentfault_deadlock_fix+0x35) [0x7fd5704f34c5]
[02 Jan 11:09:44] ERROR: /lib/x86_64-linux-gnu/libc.so.6(+0x354b0) [0x7fd581ee04b0]
[02 Jan 11:09:44] ERROR: /lib/x86_64-linux-gnu/libc.so.6(strlen+0x26) [0x7fd581f36746]
[02 Jan 11:09:44] ERROR: /usr/lib/php/20151012/bruce.so(zif_bruce_arr+0x4c) [0x7fd5702ecf2c]
[02 Jan 11:09:44] ERROR: php(+0x2b1f8d) [0x5568d1963f8d]
[02 Jan 11:09:44] ERROR: php(execute_ex+0x1b) [0x5568d195523b]
[02 Jan 11:09:44] ERROR: php(zend_execute+0x1a7) [0x5568d19a9867]
[02 Jan 11:09:44] ERROR: php(zend_execute_scripts+0xc3) [0x5568d1914a03]
[02 Jan 11:09:44] ERROR: php(php_execute_script+0x2d0) [0x5568d18b3b60]
[02 Jan 11:09:44] ERROR: php(+0x2f9527) [0x5568d19ab527]
[02 Jan 11:09:56] ERROR: Segmentation fault and fix deadlock
[02 Jan 11:09:56] ERROR: /usr/lib/php/20151012/beast.so(segmentfault_deadlock_fix+0x35) [0x7f97d92f34c5]
[02 Jan 11:09:56] ERROR: /lib/x86_64-linux-gnu/libc.so.6(+0x354b0) [0x7f97ead834b0]
[02 Jan 11:09:56] ERROR: /lib/x86_64-linux-gnu/libc.so.6(strlen+0x26) [0x7f97eadd9746]
[02 Jan 11:09:56] ERROR: /usr/lib/php/20151012/bruce.so(zif_bruce_arr+0x4c) [0x7f97d90ecf2c]
[02 Jan 11:09:56] ERROR: php(+0x2b1f8d) [0x55900f952f8d]
[02 Jan 11:09:56] ERROR: php(execute_ex+0x1b) [0x55900f94423b]
[02 Jan 11:09:56] ERROR: php(zend_execute+0x1a7) [0x55900f998867]
[02 Jan 11:09:56] ERROR: php(zend_execute_scripts+0xc3) [0x55900f903a03]
[02 Jan 11:09:56] ERROR: php(php_execute_script+0x2d0) [0x55900f8a2b60]
[02 Jan 11:09:56] ERROR: php(+0x2f9527) [0x55900f99a527]
[02 Jan 11:10:53] ERROR: Segmentation fault and fix deadlock
[02 Jan 11:10:53] ERROR: /usr/lib/php/20151012/beast.so(segmentfault_deadlock_fix+0x35) [0x7f4e5e4f34c5]
[02 Jan 11:10:53] ERROR: /lib/x86_64-linux-gnu/libc.so.6(+0x354b0) [0x7f4e6fec84b0]
[02 Jan 11:10:53] ERROR: /lib/x86_64-linux-gnu/libc.so.6(strlen+0x26) [0x7f4e6ff1e746]
[02 Jan 11:10:53] ERROR: /usr/lib/php/20151012/bruce.so(zif_bruce_arr+0x4c) [0x7f4e5e2ecf2c]
[02 Jan 11:10:53] ERROR: php(+0x2b1f8d) [0x56223752df8d]
[02 Jan 11:10:53] ERROR: php(execute_ex+0x1b) [0x56223751f23b]
[02 Jan 11:10:53] ERROR: php(zend_execute+0x1a7) [0x562237573867]
[02 Jan 11:10:53] ERROR: php(zend_execute_scripts+0xc3) [0x5622374dea03]
[02 Jan 11:10:53] ERROR: php(php_execute_script+0x2d0) [0x56223747db60]
[02 Jan 11:10:53] ERROR: php(+0x2f9527) [0x562237575527]
[02 Jan 11:36:17] ERROR: Segmentation fault and fix deadlock
[02 Jan 11:36:17] ERROR: /usr/lib/php/20151012/beast.so(segmentfault_deadlock_fix+0x35) [0x7f80ddcf34c5]
[02 Jan 11:36:17] ERROR: /lib/x86_64-linux-gnu/libc.so.6(+0x354b0) [0x7f80ef7644b0]
[02 Jan 11:36:17] ERROR: /usr/lib/php/20151012/bruce.so(zif_brcue_foreach_arr+0x69) [0x7f80ddaed099]
[02 Jan 11:36:17] ERROR: php(+0x2b1f8d) [0x565316678f8d]
[02 Jan 11:36:17] ERROR: php(execute_ex+0x1b) [0x56531666a23b]
[02 Jan 11:36:17] ERROR: php(zend_execute+0x1a7) [0x5653166be867]
[02 Jan 11:36:17] ERROR: php(zend_execute_scripts+0xc3) [0x565316629a03]
[02 Jan 11:36:17] ERROR: php(php_execute_script+0x2d0) [0x5653165c8b60]
[02 Jan 11:36:17] ERROR: php(+0x2f9527) [0x5653166c0527]
[02 Jan 11:36:17] ERROR: php(main+0x474) [0x5653164ab7b4]
[02 Jan 11:37:26] ERROR: Segmentation fault and fix deadlock
[02 Jan 11:37:26] ERROR: /usr/lib/php/20151012/beast.so(segmentfault_deadlock_fix+0x35) [0x7f65d28f34c5]
[02 Jan 11:37:26] ERROR: /lib/x86_64-linux-gnu/libc.so.6(+0x354b0) [0x7f65e42ed4b0]
[02 Jan 11:37:26] ERROR: /usr/lib/php/20151012/bruce.so(zif_brcue_foreach_arr+0x69) [0x7f65d26ed099]
[02 Jan 11:37:26] ERROR: php(+0x2b1f8d) [0x55759df92f8d]
[02 Jan 11:37:26] ERROR: php(execute_ex+0x1b) [0x55759df8423b]
[02 Jan 11:37:26] ERROR: php(zend_execute+0x1a7) [0x55759dfd8867]
[02 Jan 11:37:26] ERROR: php(zend_execute_scripts+0xc3) [0x55759df43a03]
[02 Jan 11:37:26] ERROR: php(php_execute_script+0x2d0) [0x55759dee2b60]
[02 Jan 11:37:26] ERROR: php(+0x2f9527) [0x55759dfda527]
[02 Jan 11:37:26] ERROR: php(main+0x474) [0x55759ddc57b4]
[02 Jan 14:22:00] ERROR: Segmentation fault and fix deadlock
[02 Jan 14:22:00] ERROR: /usr/lib/php/20151012/beast.so(segmentfault_deadlock_fix+0x35) [0x7f79b48f34c5]
[02 Jan 14:22:00] ERROR: /lib/x86_64-linux-gnu/libc.so.6(+0x354b0) [0x7f79c62db4b0]
[02 Jan 14:22:00] ERROR: /usr/lib/php/20151012/bruce.so(zif_brcue_foreach_arr+0x69) [0x7f79b46ed099]
[02 Jan 14:22:00] ERROR: php(+0x2b1f8d) [0x56087ca5cf8d]
[02 Jan 14:22:00] ERROR: php(execute_ex+0x1b) [0x56087ca4e23b]
[02 Jan 14:22:00] ERROR: php(zend_execute+0x1a7) [0x56087caa2867]
[02 Jan 14:22:00] ERROR: php(zend_execute_scripts+0xc3) [0x56087ca0da03]
[02 Jan 14:22:00] ERROR: php(php_execute_script+0x2d0) [0x56087c9acb60]
[02 Jan 14:22:00] ERROR: php(+0x2f9527) [0x56087caa4527]
[02 Jan 14:22:00] ERROR: php(main+0x474) [0x56087c88f7b4]
[02 Jan 14:22:34] ERROR: Segmentation fault and fix deadlock
[02 Jan 14:22:34] ERROR: /usr/lib/php/20151012/beast.so(segmentfault_deadlock_fix+0x35) [0x7f521fcf34c5]
[02 Jan 14:22:34] ERROR: /lib/x86_64-linux-gnu/libc.so.6(+0x354b0) [0x7f52316644b0]
[02 Jan 14:22:34] ERROR: /usr/lib/php/20151012/bruce.so(zif_brcue_foreach_arr+0x69) [0x7f521faed099]
[02 Jan 14:22:34] ERROR: php(+0x2b1f8d) [0x5575fa034f8d]
[02 Jan 14:22:34] ERROR: php(execute_ex+0x1b) [0x5575fa02623b]
[02 Jan 14:22:34] ERROR: php(zend_execute+0x1a7) [0x5575fa07a867]
[02 Jan 14:22:34] ERROR: php(zend_execute_scripts+0xc3) [0x5575f9fe5a03]
[02 Jan 14:22:34] ERROR: php(php_execute_script+0x2d0) [0x5575f9f84b60]
[02 Jan 14:22:34] ERROR: php(+0x2f9527) [0x5575fa07c527]
[02 Jan 14:22:34] ERROR: php(main+0x474) [0x5575f9e677b4]
[02 Jan 14:26:58] ERROR: Segmentation fault and fix deadlock
[02 Jan 14:26:58] ERROR: /usr/lib/php/20151012/beast.so(segmentfault_deadlock_fix+0x35) [0x7f40042f34c5]
[02 Jan 14:26:58] ERROR: /lib/x86_64-linux-gnu/libc.so.6(+0x354b0) [0x7f4015dc04b0]
[02 Jan 14:26:58] ERROR: /usr/lib/php/20151012/readline.so(+0x35a0) [0x7f40074585a0]
[02 Jan 14:26:58] ERROR: php(+0x2f9773) [0x55f2cb103773]
[02 Jan 14:26:58] ERROR: php(php_output_write+0x15f) [0x55f2cb01dfef]
[02 Jan 14:26:58] ERROR: /usr/lib/php/20151012/bruce.so(zif_bruce_echo_string+0x7a) [0x7f40040ed16a]
[02 Jan 14:26:58] ERROR: php(+0x2b1f8d) [0x55f2cb0bbf8d]
[02 Jan 14:26:58] ERROR: php(execute_ex+0x1b) [0x55f2cb0ad23b]
[02 Jan 14:26:58] ERROR: php(zend_execute+0x1a7) [0x55f2cb101867]
[02 Jan 14:26:58] ERROR: php(zend_execute_scripts+0xc3) [0x55f2cb06ca03]
[02 Jan 14:56:49] ERROR: Segmentation fault and fix deadlock
[02 Jan 14:56:49] ERROR: /usr/lib/php/20151012/beast.so(segmentfault_deadlock_fix+0x35) [0x7f320bef34c5]
[02 Jan 14:56:49] ERROR: /lib/x86_64-linux-gnu/libc.so.6(+0x354b0) [0x7f321d9e24b0]
[02 Jan 14:56:49] ERROR: php(_zend_hash_next_index_insert+0xa1) [0x5569cd5ff161]
[02 Jan 14:56:49] ERROR: php(add_next_index_zval+0xc) [0x5569cd5f32dc]
[02 Jan 14:56:49] ERROR: php(+0x2b1f8d) [0x5569cd63ef8d]
[02 Jan 14:56:49] ERROR: php(execute_ex+0x1b) [0x5569cd63023b]
[02 Jan 14:56:49] ERROR: php(zend_execute+0x1a7) [0x5569cd684867]
[02 Jan 14:56:49] ERROR: php(zend_execute_scripts+0xc3) [0x5569cd5efa03]
[02 Jan 14:56:49] ERROR: php(php_execute_script+0x2d0) [0x5569cd58eb60]
[02 Jan 14:56:49] ERROR: php(+0x2f9527) [0x5569cd686527]
[02 Jan 14:57:07] ERROR: Segmentation fault and fix deadlock
[02 Jan 14:57:07] ERROR: /usr/lib/php/20151012/beast.so(segmentfault_deadlock_fix+0x35) [0x7f34076f34c5]
[02 Jan 14:57:07] ERROR: /lib/x86_64-linux-gnu/libc.so.6(+0x354b0) [0x7f34191c04b0]
[02 Jan 14:57:07] ERROR: php(_zend_hash_next_index_insert+0xa1) [0x55c697ee9161]
[02 Jan 14:57:07] ERROR: php(add_next_index_zval+0xc) [0x55c697edd2dc]
[02 Jan 14:57:07] ERROR: php(+0x2b1f8d) [0x55c697f28f8d]
[02 Jan 14:57:07] ERROR: php(execute_ex+0x1b) [0x55c697f1a23b]
[02 Jan 14:57:07] ERROR: php(zend_execute+0x1a7) [0x55c697f6e867]
[02 Jan 14:57:07] ERROR: php(zend_execute_scripts+0xc3) [0x55c697ed9a03]
[02 Jan 14:57:07] ERROR: php(php_execute_script+0x2d0) [0x55c697e78b60]
[02 Jan 14:57:07] ERROR: php(+0x2f9527) [0x55c697f70527]
[02 Jan 15:37:13] ERROR: Segmentation fault and fix deadlock
[02 Jan 15:37:13] ERROR: /usr/lib/php/20151012/beast.so(segmentfault_deadlock_fix+0x35) [0x7f33a3af34c5]
[02 Jan 15:37:13] ERROR: /lib/x86_64-linux-gnu/libc.so.6(+0x354b0) [0x7f33b54fc4b0]
[02 Jan 15:37:13] ERROR: /usr/lib/php/20151012/bruce.so(zm_startup_bruce+0x44) [0x7f33a38ed534]
[02 Jan 15:37:13] ERROR: php(zend_startup_module_ex+0x12e) [0x557be56b12de]
[02 Jan 15:37:13] ERROR: php(+0x26738c) [0x557be56b138c]
[02 Jan 15:37:13] ERROR: php(zend_hash_apply+0x7c) [0x557be56be81c]
[02 Jan 15:37:13] ERROR: php(zend_startup_modules+0x2a) [0x557be56b164a]
[02 Jan 15:37:13] ERROR: php(php_module_startup+0x71b) [0x557be564b0bb]
[02 Jan 15:37:13] ERROR: php(+0x2f828d) [0x557be574228d]
[02 Jan 15:37:13] ERROR: php(main+0x191) [0x557be552e4d1]
[02 Jan 15:38:21] ERROR: Segmentation fault and fix deadlock
[02 Jan 15:38:21] ERROR: /usr/lib/php/20151012/beast.so(segmentfault_deadlock_fix+0x35) [0x7fa4a7af34c5]
[02 Jan 15:38:21] ERROR: /lib/x86_64-linux-gnu/libc.so.6(+0x354b0) [0x7fa4b94d24b0]
[02 Jan 15:38:21] ERROR: /usr/lib/php/20151012/bruce.so(zm_startup_bruce+0x44) [0x7fa4a78ed534]
[02 Jan 15:38:21] ERROR: php(zend_startup_module_ex+0x12e) [0x560394d5a2de]
[02 Jan 15:38:21] ERROR: php(+0x26738c) [0x560394d5a38c]
[02 Jan 15:38:21] ERROR: php(zend_hash_apply+0x7c) [0x560394d6781c]
[02 Jan 15:38:21] ERROR: php(zend_startup_modules+0x2a) [0x560394d5a64a]
[02 Jan 15:38:21] ERROR: php(php_module_startup+0x71b) [0x560394cf40bb]
[02 Jan 15:38:21] ERROR: php(+0x2f828d) [0x560394deb28d]
[02 Jan 15:38:21] ERROR: php(main+0x191) [0x560394bd74d1]
[02 Jan 15:38:50] ERROR: Segmentation fault and fix deadlock
[02 Jan 15:38:50] ERROR: /usr/lib/php/20151012/beast.so(segmentfault_deadlock_fix+0x35) [0x7f5c13cf34c5]
[02 Jan 15:38:50] ERROR: /lib/x86_64-linux-gnu/libc.so.6(+0x354b0) [0x7f5c2584f4b0]
[02 Jan 15:38:50] ERROR: /usr/lib/php/20151012/bruce.so(zm_startup_bruce+0x44) [0x7f5c13aed534]
[02 Jan 15:38:50] ERROR: php(zend_startup_module_ex+0x12e) [0x56201fcf92de]
[02 Jan 15:38:50] ERROR: php(+0x26738c) [0x56201fcf938c]
[02 Jan 15:38:50] ERROR: php(zend_hash_apply+0x7c) [0x56201fd0681c]
[02 Jan 15:38:50] ERROR: php(zend_startup_modules+0x2a) [0x56201fcf964a]
[02 Jan 15:38:50] ERROR: php(php_module_startup+0x71b) [0x56201fc930bb]
[02 Jan 15:38:50] ERROR: php(+0x2f828d) [0x56201fd8a28d]
[02 Jan 15:38:50] ERROR: php(main+0x191) [0x56201fb764d1]
[02 Jan 15:38:52] ERROR: Segmentation fault and fix deadlock
[02 Jan 15:38:52] ERROR: /usr/lib/php/20151012/beast.so(segmentfault_deadlock_fix+0x35) [0x7faac12f34c5]
[02 Jan 15:38:52] ERROR: /lib/x86_64-linux-gnu/libc.so.6(+0x354b0) [0x7faad2d954b0]
[02 Jan 15:38:52] ERROR: /usr/lib/php/20151012/bruce.so(zm_startup_bruce+0x44) [0x7faac10ed534]
[02 Jan 15:38:52] ERROR: php(zend_startup_module_ex+0x12e) [0x560a1d1852de]
[02 Jan 15:38:52] ERROR: php(+0x26738c) [0x560a1d18538c]
[02 Jan 15:38:52] ERROR: php(zend_hash_apply+0x7c) [0x560a1d19281c]
[02 Jan 15:38:52] ERROR: php(zend_startup_modules+0x2a) [0x560a1d18564a]
[02 Jan 15:38:52] ERROR: php(php_module_startup+0x71b) [0x560a1d11f0bb]
[02 Jan 15:38:52] ERROR: php(+0x2f828d) [0x560a1d21628d]
[02 Jan 15:38:52] ERROR: php(main+0x191) [0x560a1d0024d1]
[02 Jan 15:38:54] ERROR: Segmentation fault and fix deadlock
[02 Jan 15:38:54] ERROR: /usr/lib/php/20151012/beast.so(segmentfault_deadlock_fix+0x35) [0x7f43e40f34c5]
[02 Jan 15:38:54] ERROR: /lib/x86_64-linux-gnu/libc.so.6(+0x354b0) [0x7f43f5aaa4b0]
[02 Jan 15:38:54] ERROR: /usr/lib/php/20151012/bruce.so(zm_startup_bruce+0x44) [0x7f43e3eed534]
[02 Jan 15:38:54] ERROR: php(zend_startup_module_ex+0x12e) [0x5576db56d2de]
[02 Jan 15:38:54] ERROR: php(+0x26738c) [0x5576db56d38c]
[02 Jan 15:38:54] ERROR: php(zend_hash_apply+0x7c) [0x5576db57a81c]
[02 Jan 15:38:54] ERROR: php(zend_startup_modules+0x2a) [0x5576db56d64a]
[02 Jan 15:38:54] ERROR: php(php_module_startup+0x71b) [0x5576db5070bb]
[02 Jan 15:38:54] ERROR: php(+0x2f828d) [0x5576db5fe28d]
[02 Jan 15:38:54] ERROR: php(main+0x191) [0x5576db3ea4d1]
[02 Jan 15:38:55] ERROR: Segmentation fault and fix deadlock
[02 Jan 15:38:55] ERROR: /usr/lib/php/20151012/beast.so(segmentfault_deadlock_fix+0x35) [0x7f9a1e4f34c5]
[02 Jan 15:38:55] ERROR: /lib/x86_64-linux-gnu/libc.so.6(+0x354b0) [0x7f9a2feb14b0]
[02 Jan 15:38:55] ERROR: /usr/lib/php/20151012/bruce.so(zm_startup_bruce+0x44) [0x7f9a1e2ed534]
[02 Jan 15:38:55] ERROR: php(zend_startup_module_ex+0x12e) [0x559c5d6ef2de]
[02 Jan 15:38:55] ERROR: php(+0x26738c) [0x559c5d6ef38c]
[02 Jan 15:38:55] ERROR: php(zend_hash_apply+0x7c) [0x559c5d6fc81c]
[02 Jan 15:38:55] ERROR: php(zend_startup_modules+0x2a) [0x559c5d6ef64a]
[02 Jan 15:38:55] ERROR: php(php_module_startup+0x71b) [0x559c5d6890bb]
[02 Jan 15:38:55] ERROR: php(+0x2f828d) [0x559c5d78028d]
[02 Jan 15:38:55] ERROR: php(main+0x191) [0x559c5d56c4d1]
[02 Jan 15:38:55] ERROR: Segmentation fault and fix deadlock
[02 Jan 15:38:55] ERROR: /usr/lib/php/20151012/beast.so(segmentfault_deadlock_fix+0x35) [0x7ff3c4ef34c5]
[02 Jan 15:38:55] ERROR: /lib/x86_64-linux-gnu/libc.so.6(+0x354b0) [0x7ff3d68ca4b0]
[02 Jan 15:38:55] ERROR: /usr/lib/php/20151012/bruce.so(zm_startup_bruce+0x44) [0x7ff3c4ced534]
[02 Jan 15:38:55] ERROR: php(zend_startup_module_ex+0x12e) [0x562e201c92de]
[02 Jan 15:38:55] ERROR: php(+0x26738c) [0x562e201c938c]
[02 Jan 15:38:55] ERROR: php(zend_hash_apply+0x7c) [0x562e201d681c]
[02 Jan 15:38:55] ERROR: php(zend_startup_modules+0x2a) [0x562e201c964a]
[02 Jan 15:38:55] ERROR: php(php_module_startup+0x71b) [0x562e201630bb]
[02 Jan 15:38:55] ERROR: php(+0x2f828d) [0x562e2025a28d]
[02 Jan 15:38:55] ERROR: php(main+0x191) [0x562e200464d1]
[02 Jan 15:39:48] ERROR: Segmentation fault and fix deadlock
[02 Jan 15:39:48] ERROR: /usr/lib/php/20151012/beast.so(segmentfault_deadlock_fix+0x35) [0x7fbb4d0f34c5]
[02 Jan 15:39:48] ERROR: /lib/x86_64-linux-gnu/libc.so.6(+0x354b0) [0x7fbb5eac94b0]
[02 Jan 15:39:48] ERROR: /usr/lib/php/20151012/bruce.so(zm_startup_bruce+0x44) [0x7fbb4ceed4e4]
[02 Jan 15:39:48] ERROR: php(zend_startup_module_ex+0x12e) [0x55fdc9c8c2de]
[02 Jan 15:39:48] ERROR: php(+0x26738c) [0x55fdc9c8c38c]
[02 Jan 15:39:48] ERROR: php(zend_hash_apply+0x7c) [0x55fdc9c9981c]
[02 Jan 15:39:48] ERROR: php(zend_startup_modules+0x2a) [0x55fdc9c8c64a]
[02 Jan 15:39:48] ERROR: php(php_module_startup+0x71b) [0x55fdc9c260bb]
[02 Jan 15:39:48] ERROR: php(+0x2f828d) [0x55fdc9d1d28d]
[02 Jan 15:39:48] ERROR: php(main+0x191) [0x55fdc9b094d1]
[02 Jan 15:39:50] ERROR: Segmentation fault and fix deadlock
[02 Jan 15:39:50] ERROR: /usr/lib/php/20151012/beast.so(segmentfault_deadlock_fix+0x35) [0x7f21b9ef34c5]
[02 Jan 15:39:50] ERROR: /lib/x86_64-linux-gnu/libc.so.6(+0x354b0) [0x7f21cb9244b0]
[02 Jan 15:39:50] ERROR: /usr/lib/php/20151012/bruce.so(zm_startup_bruce+0x44) [0x7f21b9ced4e4]
[02 Jan 15:39:50] ERROR: php(zend_startup_module_ex+0x12e) [0x560e770272de]
[02 Jan 15:39:50] ERROR: php(+0x26738c) [0x560e7702738c]
[02 Jan 15:39:50] ERROR: php(zend_hash_apply+0x7c) [0x560e7703481c]
[02 Jan 15:39:50] ERROR: php(zend_startup_modules+0x2a) [0x560e7702764a]
[02 Jan 15:39:50] ERROR: php(php_module_startup+0x71b) [0x560e76fc10bb]
[02 Jan 15:39:50] ERROR: php(+0x2f828d) [0x560e770b828d]
[02 Jan 15:39:50] ERROR: php(main+0x191) [0x560e76ea44d1]
[02 Jan 15:40:03] ERROR: Segmentation fault and fix deadlock
[02 Jan 15:40:03] ERROR: /usr/lib/php/20151012/beast.so(segmentfault_deadlock_fix+0x35) [0x7f1bc4af34c5]
[02 Jan 15:40:03] ERROR: /lib/x86_64-linux-gnu/libc.so.6(+0x354b0) [0x7f1bd65934b0]
[02 Jan 15:40:03] ERROR: /usr/lib/php/20151012/bruce.so(zm_startup_bruce+0x44) [0x7f1bc48ed4e4]
[02 Jan 15:40:03] ERROR: php(zend_startup_module_ex+0x12e) [0x5590fe8a22de]
[02 Jan 15:40:03] ERROR: php(+0x26738c) [0x5590fe8a238c]
[02 Jan 15:40:03] ERROR: php(zend_hash_apply+0x7c) [0x5590fe8af81c]
[02 Jan 15:40:03] ERROR: php(zend_startup_modules+0x2a) [0x5590fe8a264a]
[02 Jan 15:40:03] ERROR: php(php_module_startup+0x71b) [0x5590fe83c0bb]
[02 Jan 15:40:03] ERROR: php(+0x2f828d) [0x5590fe93328d]
[02 Jan 15:40:03] ERROR: php(main+0x191) [0x5590fe71f4d1]
[02 Jan 15:49:54] ERROR: Segmentation fault and fix deadlock
[02 Jan 15:49:54] ERROR: /usr/lib/php/20151012/beast.so(segmentfault_deadlock_fix+0x35) [0x7efcff4f34c5]
[02 Jan 15:49:54] ERROR: /lib/x86_64-linux-gnu/libc.so.6(+0x354b0) [0x7efd10f1f4b0]
[02 Jan 15:49:54] ERROR: /usr/lib/php/20151012/bruce.so(zm_startup_bruce+0x44) [0x7efcff2ed544]
[02 Jan 15:49:54] ERROR: php(zend_startup_module_ex+0x12e) [0x55e2c0e8f2de]
[02 Jan 15:49:54] ERROR: php(+0x26738c) [0x55e2c0e8f38c]
[02 Jan 15:49:54] ERROR: php(zend_hash_apply+0x7c) [0x55e2c0e9c81c]
[02 Jan 15:49:54] ERROR: php(zend_startup_modules+0x2a) [0x55e2c0e8f64a]
[02 Jan 15:49:54] ERROR: php(php_module_startup+0x71b) [0x55e2c0e290bb]
[02 Jan 15:49:54] ERROR: php(+0x2f828d) [0x55e2c0f2028d]
[02 Jan 15:49:54] ERROR: php(main+0x191) [0x55e2c0d0c4d1]
[02 Jan 15:49:56] ERROR: Segmentation fault and fix deadlock
[02 Jan 15:49:56] ERROR: /usr/lib/php/20151012/beast.so(segmentfault_deadlock_fix+0x35) [0x7f44d2ef34c5]
[02 Jan 15:49:56] ERROR: /lib/x86_64-linux-gnu/libc.so.6(+0x354b0) [0x7f44e49934b0]
[02 Jan 15:49:56] ERROR: /usr/lib/php/20151012/bruce.so(zm_startup_bruce+0x44) [0x7f44d2ced544]
[02 Jan 15:49:56] ERROR: php(zend_startup_module_ex+0x12e) [0x5562b29cf2de]
[02 Jan 15:49:56] ERROR: php(+0x26738c) [0x5562b29cf38c]
[02 Jan 15:49:56] ERROR: php(zend_hash_apply+0x7c) [0x5562b29dc81c]
[02 Jan 15:49:56] ERROR: php(zend_startup_modules+0x2a) [0x5562b29cf64a]
[02 Jan 15:49:56] ERROR: php(php_module_startup+0x71b) [0x5562b29690bb]
[02 Jan 15:49:56] ERROR: php(+0x2f828d) [0x5562b2a6028d]
[02 Jan 15:49:56] ERROR: php(main+0x191) [0x5562b284c4d1]
[02 Jan 15:50:04] ERROR: Segmentation fault and fix deadlock
[02 Jan 15:50:04] ERROR: /usr/lib/php/20151012/beast.so(segmentfault_deadlock_fix+0x35) [0x7feeb20f34c5]
[02 Jan 15:50:04] ERROR: /lib/x86_64-linux-gnu/libc.so.6(+0x354b0) [0x7feec3a6d4b0]
[02 Jan 15:50:04] ERROR: /usr/lib/php/20151012/bruce.so(zm_startup_bruce+0x44) [0x7feeb1eed544]
[02 Jan 15:50:04] ERROR: php(zend_startup_module_ex+0x12e) [0x5611277122de]
[02 Jan 15:50:04] ERROR: php(+0x26738c) [0x56112771238c]
[02 Jan 15:50:04] ERROR: php(zend_hash_apply+0x7c) [0x56112771f81c]
[02 Jan 15:50:04] ERROR: php(zend_startup_modules+0x2a) [0x56112771264a]
[02 Jan 15:50:04] ERROR: php(php_module_startup+0x71b) [0x5611276ac0bb]
[02 Jan 15:50:04] ERROR: php(+0x2f828d) [0x5611277a328d]
[02 Jan 15:50:04] ERROR: php(main+0x191) [0x56112758f4d1]
[02 Jan 17:24:51] ERROR: Segmentation fault and fix deadlock
[02 Jan 17:24:51] ERROR: /usr/lib/php/20151012/beast.so(segmentfault_deadlock_fix+0x35) [0x7f35a72f34c5]
[02 Jan 17:24:51] ERROR: /lib/x86_64-linux-gnu/libc.so.6(+0x354b0) [0x7f35b8d244b0]
[02 Jan 17:24:51] ERROR: php(zend_register_functions+0x170) [0x55df74b4ae10]
[02 Jan 17:24:51] ERROR: php(+0x269189) [0x55df74b4c189]
[02 Jan 17:24:51] ERROR: /usr/lib/php/20151012/bruce.so(zm_startup_bruce+0x1cc) [0x7f35a70ed6ac]
[02 Jan 17:24:51] ERROR: php(zend_startup_module_ex+0x12e) [0x55df74b4a2de]
[02 Jan 17:24:51] ERROR: php(+0x26738c) [0x55df74b4a38c]
[02 Jan 17:24:51] ERROR: php(zend_hash_apply+0x7c) [0x55df74b5781c]
[02 Jan 17:24:51] ERROR: php(zend_startup_modules+0x2a) [0x55df74b4a64a]
[02 Jan 17:24:51] ERROR: php(php_module_startup+0x71b) [0x55df74ae40bb]
[02 Jan 17:24:51] ERROR: Segmentation fault and fix deadlock
[02 Jan 17:24:51] ERROR: /usr/lib/php/20151012/beast.so(segmentfault_deadlock_fix+0x35) [0x7f93f46f34c5]
[02 Jan 17:24:51] ERROR: /lib/x86_64-linux-gnu/libc.so.6(+0x354b0) [0x7f94060cd4b0]
[02 Jan 17:24:51] ERROR: php(zend_register_functions+0x170) [0x55a08f337e10]
[02 Jan 17:24:51] ERROR: php(+0x269189) [0x55a08f339189]
[02 Jan 17:24:51] ERROR: /usr/lib/php/20151012/bruce.so(zm_startup_bruce+0x1cc) [0x7f93f44ed6ac]
[02 Jan 17:24:51] ERROR: php(zend_startup_module_ex+0x12e) [0x55a08f3372de]
[02 Jan 17:24:51] ERROR: php(+0x26738c) [0x55a08f33738c]
[02 Jan 17:24:51] ERROR: php(zend_hash_apply+0x7c) [0x55a08f34481c]
[02 Jan 17:24:51] ERROR: php(zend_startup_modules+0x2a) [0x55a08f33764a]
[02 Jan 17:24:51] ERROR: php(php_module_startup+0x71b) [0x55a08f2d10bb]
[02 Jan 17:25:10] ERROR: Segmentation fault and fix deadlock
[02 Jan 17:25:10] ERROR: /usr/lib/php/20151012/beast.so(segmentfault_deadlock_fix+0x35) [0x7f4f2ccf34c5]
[02 Jan 17:25:10] ERROR: /lib/x86_64-linux-gnu/libc.so.6(+0x354b0) [0x7f4f3e68c4b0]
[02 Jan 17:25:10] ERROR: php(zend_register_functions+0x170) [0x5617232e9e10]
[02 Jan 17:25:10] ERROR: php(+0x269189) [0x5617232eb189]
[02 Jan 17:25:10] ERROR: /usr/lib/php/20151012/bruce.so(zm_startup_bruce+0x1cc) [0x7f4f2caed6ac]
[02 Jan 17:25:10] ERROR: php(zend_startup_module_ex+0x12e) [0x5617232e92de]
[02 Jan 17:25:10] ERROR: php(+0x26738c) [0x5617232e938c]
[02 Jan 17:25:10] ERROR: php(zend_hash_apply+0x7c) [0x5617232f681c]
[02 Jan 17:25:10] ERROR: php(zend_startup_modules+0x2a) [0x5617232e964a]
[02 Jan 17:25:10] ERROR: php(php_module_startup+0x71b) [0x5617232830bb]
[02 Jan 17:25:11] ERROR: Segmentation fault and fix deadlock
[02 Jan 17:25:11] ERROR: /usr/lib/php/20151012/beast.so(segmentfault_deadlock_fix+0x35) [0x7fc4ffef34c5]
[02 Jan 17:25:11] ERROR: /lib/x86_64-linux-gnu/libc.so.6(+0x354b0) [0x7fc5119bd4b0]
[02 Jan 17:25:11] ERROR: php(zend_register_functions+0x170) [0x55d4699cde10]
[02 Jan 17:25:11] ERROR: php(+0x269189) [0x55d4699cf189]
[02 Jan 17:25:11] ERROR: /usr/lib/php/20151012/bruce.so(zm_startup_bruce+0x1cc) [0x7fc4ffced6ac]
[02 Jan 17:25:11] ERROR: php(zend_startup_module_ex+0x12e) [0x55d4699cd2de]
[02 Jan 17:25:11] ERROR: php(+0x26738c) [0x55d4699cd38c]
[02 Jan 17:25:11] ERROR: php(zend_hash_apply+0x7c) [0x55d4699da81c]
[02 Jan 17:25:11] ERROR: php(zend_startup_modules+0x2a) [0x55d4699cd64a]
[02 Jan 17:25:11] ERROR: php(php_module_startup+0x71b) [0x55d4699670bb]
